2017-04-22 18:22:52.251+0000 WARN  [o.n.i.p.PageCache] The dbms.memory.pagecache.size setting has not been configured. It is recommended that this setting is always explicitly configured, to ensure the system has a balanced configuration. Until then, a computed heuristic value of 2462984192 bytes will be used instead. 
2017-04-22 18:22:52.289+0000 INFO  [o.n.k.i.f.CommunityEditionModule] No locking implementation specified, defaulting to 'community'
2017-04-22 18:22:52.304+0000 INFO  [o.n.k.AvailabilityGuard] Requirement makes database unavailable: Database available
2017-04-22 18:22:52.305+0000 INFO  [o.n.k.i.DiagnosticsManager] --- INITIALIZED diagnostics START ---
2017-04-22 18:22:52.305+0000 INFO  [o.n.k.i.DiagnosticsManager] Neo4j Kernel properties:
2017-04-22 18:22:52.305+0000 INFO  [o.n.k.i.DiagnosticsManager] dbms.connector.http.enabled=true
2017-04-22 18:22:52.305+0000 INFO  [o.n.k.i.DiagnosticsManager] dbms.security.auth_enabled=true
2017-04-22 18:22:52.305+0000 INFO  [o.n.k.i.DiagnosticsManager] dbms.logs.http.enabled=false
2017-04-22 18:22:52.305+0000 INFO  [o.n.k.i.DiagnosticsManager] unsupported.dbms.directories.neo4j_home=C:\Users\Jomziii\Documents\Neo4j\TimeTableFinal
2017-04-22 18:22:52.305+0000 INFO  [o.n.k.i.DiagnosticsManager] dbms.directories.import=import
2017-04-22 18:22:52.305+0000 INFO  [o.n.k.i.DiagnosticsManager] unsupported.dbms.edition=community
2017-04-22 18:22:52.305+0000 INFO  [o.n.k.i.DiagnosticsManager] dbms.connector.bolt.enabled=true
2017-04-22 18:22:52.305+0000 INFO  [o.n.k.i.DiagnosticsManager] dbms.connector.https.enabled=true
2017-04-22 18:22:52.306+0000 INFO  [o.n.k.i.DiagnosticsManager] unsupported.dbms.directories.database=C:\Users\Jomziii\Documents\Neo4j\TimeTableFinal
2017-04-22 18:22:52.306+0000 INFO  [o.n.k.i.DiagnosticsManager] Diagnostics providers:
2017-04-22 18:22:52.306+0000 INFO  [o.n.k.i.DiagnosticsManager] org.neo4j.kernel.configuration.Config
2017-04-22 18:22:52.306+0000 INFO  [o.n.k.i.DiagnosticsManager] org.neo4j.kernel.info.DiagnosticsManager
2017-04-22 18:22:52.306+0000 INFO  [o.n.k.i.DiagnosticsManager] SYSTEM_MEMORY
2017-04-22 18:22:52.306+0000 INFO  [o.n.k.i.DiagnosticsManager] JAVA_MEMORY
2017-04-22 18:22:52.306+0000 INFO  [o.n.k.i.DiagnosticsManager] OPERATING_SYSTEM
2017-04-22 18:22:52.306+0000 INFO  [o.n.k.i.DiagnosticsManager] JAVA_VIRTUAL_MACHINE
2017-04-22 18:22:52.306+0000 INFO  [o.n.k.i.DiagnosticsManager] CLASSPATH
2017-04-22 18:22:52.306+0000 INFO  [o.n.k.i.DiagnosticsManager] LIBRARY_PATH
2017-04-22 18:22:52.306+0000 INFO  [o.n.k.i.DiagnosticsManager] SYSTEM_PROPERTIES
2017-04-22 18:22:52.306+0000 INFO  [o.n.k.i.DiagnosticsManager] NETWORK
2017-04-22 18:22:52.306+0000 INFO  [o.n.k.i.DiagnosticsManager] System memory information:
2017-04-22 18:22:52.306+0000 INFO  [o.n.k.i.DiagnosticsManager] Total Physical memory: 5.90 GB
2017-04-22 18:22:52.306+0000 INFO  [o.n.k.i.DiagnosticsManager] Free Physical memory: 2.92 GB
2017-04-22 18:22:52.306+0000 INFO  [o.n.k.i.DiagnosticsManager] Committed virtual memory: 636.90 MB
2017-04-22 18:22:52.306+0000 INFO  [o.n.k.i.DiagnosticsManager] Total swap space: 6.84 GB
2017-04-22 18:22:52.306+0000 INFO  [o.n.k.i.DiagnosticsManager] Free swap space: 3.16 GB
2017-04-22 18:22:52.306+0000 INFO  [o.n.k.i.DiagnosticsManager] JVM memory information:
2017-04-22 18:22:52.306+0000 INFO  [o.n.k.i.DiagnosticsManager] Free  memory: 151.08 MB
2017-04-22 18:22:52.306+0000 INFO  [o.n.k.i.DiagnosticsManager] Total memory: 292.00 MB
2017-04-22 18:22:52.306+0000 INFO  [o.n.k.i.DiagnosticsManager] Max   memory: 1.31 GB
2017-04-22 18:22:52.306+0000 INFO  [o.n.k.i.DiagnosticsManager] Garbage Collector: PS Scavenge: [PS Eden Space, PS Survivor Space]
2017-04-22 18:22:52.306+0000 INFO  [o.n.k.i.DiagnosticsManager] Garbage Collector: PS MarkSweep: [PS Eden Space, PS Survivor Space, PS Old Gen]
2017-04-22 18:22:52.306+0000 INFO  [o.n.k.i.DiagnosticsManager] Memory Pool: Code Cache (Non-heap memory): committed=31.00 MB, used=30.77 MB, max=240.00 MB, threshold=0.00 B
2017-04-22 18:22:52.306+0000 INFO  [o.n.k.i.DiagnosticsManager] Memory Pool: Metaspace (Non-heap memory): committed=77.67 MB, used=75.67 MB, max=-1.00 B, threshold=0.00 B
2017-04-22 18:22:52.307+0000 INFO  [o.n.k.i.DiagnosticsManager] Memory Pool: Compressed Class Space (Non-heap memory): committed=12.00 MB, used=11.61 MB, max=1.00 GB, threshold=0.00 B
2017-04-22 18:22:52.307+0000 INFO  [o.n.k.i.DiagnosticsManager] Memory Pool: PS Eden Space (Heap memory): committed=147.50 MB, used=102.01 MB, max=481.00 MB, threshold=?
2017-04-22 18:22:52.307+0000 INFO  [o.n.k.i.DiagnosticsManager] Memory Pool: PS Survivor Space (Heap memory): committed=7.50 MB, used=0.00 B, max=7.50 MB, threshold=?
2017-04-22 18:22:52.307+0000 INFO  [o.n.k.i.DiagnosticsManager] Memory Pool: PS Old Gen (Heap memory): committed=137.00 MB, used=38.91 MB, max=1008.00 MB, threshold=0.00 B
2017-04-22 18:22:52.307+0000 INFO  [o.n.k.i.DiagnosticsManager] Operating system information:
2017-04-22 18:22:52.307+0000 INFO  [o.n.k.i.DiagnosticsManager] Operating System: Windows 10; version: 10.0; arch: amd64; cpus: 2
2017-04-22 18:22:52.308+0000 INFO  [o.n.k.i.DiagnosticsManager] Process id: 6744@Jomzi
2017-04-22 18:22:52.308+0000 INFO  [o.n.k.i.DiagnosticsManager] Byte order: LITTLE_ENDIAN
2017-04-22 18:22:52.308+0000 INFO  [o.n.k.i.DiagnosticsManager] Local timezone: Europe/London
2017-04-22 18:22:52.308+0000 INFO  [o.n.k.i.DiagnosticsManager] JVM information:
2017-04-22 18:22:52.308+0000 INFO  [o.n.k.i.DiagnosticsManager] VM Name: Java HotSpot(TM) 64-Bit Server VM
2017-04-22 18:22:52.308+0000 INFO  [o.n.k.i.DiagnosticsManager] VM Vendor: Oracle Corporation
2017-04-22 18:22:52.308+0000 INFO  [o.n.k.i.DiagnosticsManager] VM Version: 25.111-b14
2017-04-22 18:22:52.308+0000 INFO  [o.n.k.i.DiagnosticsManager] JIT compiler: HotSpot 64-Bit Tiered Compilers
2017-04-22 18:22:52.308+0000 INFO  [o.n.k.i.DiagnosticsManager] VM Arguments: [-Dexe4j.semaphoreName=Local\c:_program_files_neo4j_ce_3.1.2_bin_neo4j-ce.exe, -Dexe4j.isInstall4j=true, -Dexe4j.moduleName=C:\Program Files\Neo4j CE 3.1.2\bin\neo4j-ce.exe, -Dexe4j.tempDir=, -Dexe4j.unextractedPosition=0, -Djava.library.path=C:\ProgramData\Oracle\Java\javapath;C:\Program Files (x86)\Intel\iCLS Client\;C:\Program Files\Intel\iCLS Client\;C:\WINDOWS\system32;C:\WINDOWS;C:\WINDOWS\System32\Wbem;C:\WINDOWS\System32\WindowsPowerShell\v1.0\;C:\Program Files\Intel\Intel(R) Management Engine Components\DAL;C:\Program Files\Intel\Intel(R) Management Engine Components\IPT;C:\Program Files (x86)\Intel\Intel(R) Management Engine Components\DAL;C:\Program Files (x86)\Intel\Intel(R) Management Engine Components\IPT;C:\Program Files\Lenovo\Bluetooth Software\;C:\Program Files\Lenovo\Bluetooth Software\syswow64;c:\Program Files (x86)\Microsoft SQL Server\100\Tools\Binn\;c:\Program Files\Microsoft SQL Server\100\Tools\Binn\;c:\Program Files\Microsoft SQL Server\100\DTS\Binn\;C:\Program Files (x86)\Brackets\command;C:\Python27\Tools\Scripts;C:\Python27;C:\Program Files (x86)\Java\jdk1.8.0_65\bin;C:\Program Files\Microsoft SQL Server\130\Tools\Binn\;C:\WINDOWS\system32\config\systemprofile\.dnx\bin;C:\Program Files\Microsoft DNX\Dnvm\;C:\Program Files (x86)\Windows Kits\10\Windows Performance Toolkit\;C:\Program Files\nodejs\;C:\Users\Jomziii\AppData\Local\Microsoft\WindowsApps;;C:\Python27;C:\Python27\Scripts;C:\Users\Jomziii\AppData\Roaming\npm;c:\program files\java\jre1.8.0_111\bin, -Dexe4j.consoleCodepage=cp0, -Dinstall4j.launcherId=24, -Dinstall4j.swt=false]
2017-04-22 18:22:52.308+0000 INFO  [o.n.k.i.DiagnosticsManager] Java classpath:
2017-04-22 18:22:52.314+0000 INFO  [o.n.k.i.DiagnosticsManager]  [loader.1] file:/C:/Program%20Files/Java/jre1.8.0_111/lib/ext/localedata.jar
2017-04-22 18:22:52.314+0000 INFO  [o.n.k.i.DiagnosticsManager]  [bootstrap] C:\Program Files\Java\jre1.8.0_111\lib\jce.jar
2017-04-22 18:22:52.314+0000 INFO  [o.n.k.i.DiagnosticsManager]  [loader.1] file:/C:/Program%20Files/Java/jre1.8.0_111/lib/ext/nashorn.jar
2017-04-22 18:22:52.314+0000 INFO  [o.n.k.i.DiagnosticsManager]  [bootstrap] C:\Program Files\Java\jre1.8.0_111\lib\resources.jar
2017-04-22 18:22:52.314+0000 INFO  [o.n.k.i.DiagnosticsManager]  [loader.1] file:/C:/Program%20Files/Java/jre1.8.0_111/lib/ext/sunec.jar
2017-04-22 18:22:52.314+0000 INFO  [o.n.k.i.DiagnosticsManager]  [bootstrap] C:\Program Files\Java\jre1.8.0_111\lib\jsse.jar
2017-04-22 18:22:52.314+0000 INFO  [o.n.k.i.DiagnosticsManager]  [bootstrap] C:\Program Files\Java\jre1.8.0_111\classes
2017-04-22 18:22:52.314+0000 INFO  [o.n.k.i.DiagnosticsManager]  [loader.1] file:/C:/Program%20Files/Java/jre1.8.0_111/lib/ext/sunpkcs11.jar
2017-04-22 18:22:52.314+0000 INFO  [o.n.k.i.DiagnosticsManager]  [bootstrap] C:\Program Files\Java\jre1.8.0_111\lib\sunrsasign.jar
2017-04-22 18:22:52.315+0000 INFO  [o.n.k.i.DiagnosticsManager]  [loader.1] file:/C:/Program%20Files/Java/jre1.8.0_111/lib/ext/sunjce_provider.jar
2017-04-22 18:22:52.315+0000 INFO  [o.n.k.i.DiagnosticsManager]  [classpath] C:\Program Files\Neo4j CE 3.1.2\.install4j\i4jruntime.jar
2017-04-22 18:22:52.315+0000 INFO  [o.n.k.i.DiagnosticsManager]  [bootstrap] C:\Program Files\Java\jre1.8.0_111\lib\charsets.jar
2017-04-22 18:22:52.315+0000 INFO  [o.n.k.i.DiagnosticsManager]  [loader.1] file:/C:/Program%20Files/Java/jre1.8.0_111/lib/ext/jaccess.jar
2017-04-22 18:22:52.315+0000 INFO  [o.n.k.i.DiagnosticsManager]  [loader.1] file:/C:/Program%20Files/Java/jre1.8.0_111/lib/ext/sunmscapi.jar
2017-04-22 18:22:52.315+0000 INFO  [o.n.k.i.DiagnosticsManager]  [bootstrap] C:\Program Files\Java\jre1.8.0_111\lib\jfr.jar
2017-04-22 18:22:52.315+0000 INFO  [o.n.k.i.DiagnosticsManager]  [loader.1] file:/C:/Program%20Files/Java/jre1.8.0_111/lib/ext/cldrdata.jar
2017-04-22 18:22:52.315+0000 INFO  [o.n.k.i.DiagnosticsManager]  [classpath] C:\Program Files\Neo4j CE 3.1.2\bin\neo4j-desktop-3.1.2.jar
2017-04-22 18:22:52.315+0000 INFO  [o.n.k.i.DiagnosticsManager]  [loader.1] file:/C:/Program%20Files/Java/jre1.8.0_111/lib/ext/access-bridge-64.jar
2017-04-22 18:22:52.315+0000 INFO  [o.n.k.i.DiagnosticsManager]  [loader.0] file:/C:/Program%20Files/Neo4j%20CE%203.1.2/bin/neo4j-desktop-3.1.2.jar
2017-04-22 18:22:52.315+0000 INFO  [o.n.k.i.DiagnosticsManager]  [loader.1] file:/C:/Program%20Files/Java/jre1.8.0_111/lib/ext/dnsns.jar
2017-04-22 18:22:52.315+0000 INFO  [o.n.k.i.DiagnosticsManager]  [bootstrap] C:\Program Files\Java\jre1.8.0_111\lib\rt.jar
2017-04-22 18:22:52.315+0000 INFO  [o.n.k.i.DiagnosticsManager]  [loader.0] file:/C:/Program%20Files/Neo4j%20CE%203.1.2/.install4j/i4jruntime.jar
2017-04-22 18:22:52.315+0000 INFO  [o.n.k.i.DiagnosticsManager]  [loader.1] file:/C:/Program%20Files/Java/jre1.8.0_111/lib/ext/jfxrt.jar
2017-04-22 18:22:52.315+0000 INFO  [o.n.k.i.DiagnosticsManager]  [loader.1] file:/C:/Program%20Files/Java/jre1.8.0_111/lib/ext/zipfs.jar
2017-04-22 18:22:52.315+0000 INFO  [o.n.k.i.DiagnosticsManager] Library path:
2017-04-22 18:22:52.316+0000 INFO  [o.n.k.i.DiagnosticsManager] C:\ProgramData\Oracle\Java\javapath
2017-04-22 18:22:52.316+0000 INFO  [o.n.k.i.DiagnosticsManager] C:\Program Files (x86)\Intel\iCLS Client
2017-04-22 18:22:52.317+0000 INFO  [o.n.k.i.DiagnosticsManager] C:\Program Files\Intel\iCLS Client
2017-04-22 18:22:52.318+0000 INFO  [o.n.k.i.DiagnosticsManager] C:\Windows\System32
2017-04-22 18:22:52.318+0000 INFO  [o.n.k.i.DiagnosticsManager] C:\Windows
2017-04-22 18:22:52.331+0000 INFO  [o.n.k.i.DiagnosticsManager] C:\Windows\System32\wbem
2017-04-22 18:22:52.332+0000 INFO  [o.n.k.i.DiagnosticsManager] C:\Windows\System32\WindowsPowerShell\v1.0
2017-04-22 18:22:52.333+0000 INFO  [o.n.k.i.DiagnosticsManager] C:\Program Files\Intel\Intel(R) Management Engine Components\DAL
2017-04-22 18:22:52.334+0000 INFO  [o.n.k.i.DiagnosticsManager] C:\Program Files\Intel\Intel(R) Management Engine Components\IPT
2017-04-22 18:22:52.335+0000 INFO  [o.n.k.i.DiagnosticsManager] C:\Program Files (x86)\Intel\Intel(R) Management Engine Components\DAL
2017-04-22 18:22:52.335+0000 INFO  [o.n.k.i.DiagnosticsManager] C:\Program Files (x86)\Intel\Intel(R) Management Engine Components\IPT
2017-04-22 18:22:52.336+0000 INFO  [o.n.k.i.DiagnosticsManager] C:\Program Files\Lenovo\Bluetooth Software
2017-04-22 18:22:52.336+0000 INFO  [o.n.k.i.DiagnosticsManager] C:\Program Files\Lenovo\Bluetooth Software\syswow64
2017-04-22 18:22:52.337+0000 INFO  [o.n.k.i.DiagnosticsManager] C:\Program Files (x86)\Microsoft SQL Server\100\Tools\Binn
2017-04-22 18:22:52.338+0000 INFO  [o.n.k.i.DiagnosticsManager] C:\Program Files\Microsoft SQL Server\100\Tools\Binn
2017-04-22 18:22:52.339+0000 INFO  [o.n.k.i.DiagnosticsManager] C:\Program Files\Microsoft SQL Server\100\DTS\Binn
2017-04-22 18:22:52.340+0000 INFO  [o.n.k.i.DiagnosticsManager] C:\Program Files (x86)\Brackets\command
2017-04-22 18:22:52.340+0000 INFO  [o.n.k.i.DiagnosticsManager] C:\Python27\Tools\Scripts
2017-04-22 18:22:52.341+0000 INFO  [o.n.k.i.DiagnosticsManager] C:\Python27
2017-04-22 18:22:52.341+0000 INFO  [o.n.k.i.DiagnosticsManager] C:\Program Files (x86)\Java\jdk1.8.0_65\bin
2017-04-22 18:22:52.343+0000 INFO  [o.n.k.i.DiagnosticsManager] C:\Program Files\Microsoft SQL Server\130\Tools\Binn
2017-04-22 18:22:52.343+0000 INFO  [o.n.k.i.DiagnosticsManager] C:\Windows\System32\config\systemprofile\.dnx\bin
2017-04-22 18:22:52.344+0000 INFO  [o.n.k.i.DiagnosticsManager] C:\Program Files\Microsoft DNX\Dnvm
2017-04-22 18:22:52.345+0000 INFO  [o.n.k.i.DiagnosticsManager] C:\Program Files (x86)\Windows Kits\10\Windows Performance Toolkit
2017-04-22 18:22:52.345+0000 INFO  [o.n.k.i.DiagnosticsManager] C:\Program Files\nodejs
2017-04-22 18:22:52.346+0000 INFO  [o.n.k.i.DiagnosticsManager] C:\Users\Jomziii\AppData\Local\Microsoft\WindowsApps
2017-04-22 18:22:52.347+0000 INFO  [o.n.k.i.DiagnosticsManager] C:\Program Files\Neo4j CE 3.1.2\bin
2017-04-22 18:22:52.347+0000 INFO  [o.n.k.i.DiagnosticsManager] C:\Python27
2017-04-22 18:22:52.347+0000 INFO  [o.n.k.i.DiagnosticsManager] C:\Python27\Scripts
2017-04-22 18:22:52.348+0000 INFO  [o.n.k.i.DiagnosticsManager] C:\Users\Jomziii\AppData\Roaming\npm
2017-04-22 18:22:52.349+0000 INFO  [o.n.k.i.DiagnosticsManager] C:\Program Files\Java\jre1.8.0_111\bin
2017-04-22 18:22:52.349+0000 INFO  [o.n.k.i.DiagnosticsManager] System.properties:
2017-04-22 18:22:52.349+0000 INFO  [o.n.k.i.DiagnosticsManager] exe4j.moduleName = C:\Program Files\Neo4j CE 3.1.2\bin\neo4j-ce.exe
2017-04-22 18:22:52.349+0000 INFO  [o.n.k.i.DiagnosticsManager] exe4j.semaphoreName = Local\c:_program_files_neo4j_ce_3.1.2_bin_neo4j-ce.exe
2017-04-22 18:22:52.349+0000 INFO  [o.n.k.i.DiagnosticsManager] sun.boot.library.path = c:\program files\java\jre1.8.0_111\bin
2017-04-22 18:22:52.349+0000 INFO  [o.n.k.i.DiagnosticsManager] exe4j.consoleCodepage = cp0
2017-04-22 18:22:52.349+0000 INFO  [o.n.k.i.DiagnosticsManager] path.separator = ;
2017-04-22 18:22:52.349+0000 INFO  [o.n.k.i.DiagnosticsManager] file.encoding.pkg = sun.io
2017-04-22 18:22:52.349+0000 INFO  [o.n.k.i.DiagnosticsManager] user.country = IE
2017-04-22 18:22:52.349+0000 INFO  [o.n.k.i.DiagnosticsManager] user.script = 
2017-04-22 18:22:52.349+0000 INFO  [o.n.k.i.DiagnosticsManager] sun.os.patch.level = 
2017-04-22 18:22:52.349+0000 INFO  [o.n.k.i.DiagnosticsManager] install4j.exeDir = C:\Program Files\Neo4j CE 3.1.2\bin\
2017-04-22 18:22:52.349+0000 INFO  [o.n.k.i.DiagnosticsManager] user.dir = C:\Program Files\Neo4j CE 3.1.2\bin
2017-04-22 18:22:52.349+0000 INFO  [o.n.k.i.DiagnosticsManager] user.variant = 
2017-04-22 18:22:52.349+0000 INFO  [o.n.k.i.DiagnosticsManager] exe4j.tempDir = 
2017-04-22 18:22:52.349+0000 INFO  [o.n.k.i.DiagnosticsManager] sun.jnu.encoding = Cp1252
2017-04-22 18:22:52.349+0000 INFO  [o.n.k.i.DiagnosticsManager] sun.nio.ch.bugLevel = 
2017-04-22 18:22:52.349+0000 INFO  [o.n.k.i.DiagnosticsManager] unsupported.dbms.udc.source = desktop
2017-04-22 18:22:52.349+0000 INFO  [o.n.k.i.DiagnosticsManager] sun.awt.enableExtraMouseButtons = true
2017-04-22 18:22:52.349+0000 INFO  [o.n.k.i.DiagnosticsManager] install4j.launcherId = 24
2017-04-22 18:22:52.349+0000 INFO  [o.n.k.i.DiagnosticsManager] sun.management.compiler = HotSpot 64-Bit Tiered Compilers
2017-04-22 18:22:52.349+0000 INFO  [o.n.k.i.DiagnosticsManager] exe4j.isInstall4j = true
2017-04-22 18:22:52.349+0000 INFO  [o.n.k.i.DiagnosticsManager] install4j.swt = false
2017-04-22 18:22:52.349+0000 INFO  [o.n.k.i.DiagnosticsManager] user.home = C:\Users\Jomziii
2017-04-22 18:22:52.349+0000 INFO  [o.n.k.i.DiagnosticsManager] user.timezone = Europe/London
2017-04-22 18:22:52.349+0000 INFO  [o.n.k.i.DiagnosticsManager] file.encoding = Cp1252
2017-04-22 18:22:52.349+0000 INFO  [o.n.k.i.DiagnosticsManager] user.name = Jomziii
2017-04-22 18:22:52.349+0000 INFO  [o.n.k.i.DiagnosticsManager] sun.java.command = C:\Program Files\Neo4j CE 3.1.2\bin\neo4j-ce.exe
2017-04-22 18:22:52.349+0000 INFO  [o.n.k.i.DiagnosticsManager] sun.arch.data.model = 64
2017-04-22 18:22:52.349+0000 INFO  [o.n.k.i.DiagnosticsManager] exe4j.launchName = C:\Program Files\Neo4j CE 3.1.2\bin\neo4j-ce.exe
2017-04-22 18:22:52.349+0000 INFO  [o.n.k.i.DiagnosticsManager] user.language = en
2017-04-22 18:22:52.349+0000 INFO  [o.n.k.i.DiagnosticsManager] awt.toolkit = sun.awt.windows.WToolkit
2017-04-22 18:22:52.349+0000 INFO  [o.n.k.i.DiagnosticsManager] exe4j.unextractedPosition = 0
2017-04-22 18:22:52.349+0000 INFO  [o.n.k.i.DiagnosticsManager] install4j.appDir = C:\Program Files\Neo4j CE 3.1.2\
2017-04-22 18:22:52.349+0000 INFO  [o.n.k.i.DiagnosticsManager] file.separator = \
2017-04-22 18:22:52.349+0000 INFO  [o.n.k.i.DiagnosticsManager] sun.io.unicode.encoding = UnicodeLittle
2017-04-22 18:22:52.349+0000 INFO  [o.n.k.i.DiagnosticsManager] sun.cpu.endian = little
2017-04-22 18:22:52.350+0000 INFO  [o.n.k.i.DiagnosticsManager] sun.desktop = windows
2017-04-22 18:22:52.350+0000 INFO  [o.n.k.i.DiagnosticsManager] sun.cpu.isalist = amd64
2017-04-22 18:22:52.350+0000 INFO  [o.n.k.i.DiagnosticsManager] Network information:
2017-04-22 18:22:52.540+0000 INFO  [o.n.k.i.DiagnosticsManager] Interface Software Loopback Interface 1:
2017-04-22 18:22:52.540+0000 INFO  [o.n.k.i.DiagnosticsManager]     address: 127.0.0.1
2017-04-22 18:22:52.540+0000 INFO  [o.n.k.i.DiagnosticsManager]     address: 0:0:0:0:0:0:0:1
2017-04-22 18:22:52.540+0000 INFO  [o.n.k.i.DiagnosticsManager] Interface Microsoft ISATAP Adapter:
2017-04-22 18:22:52.540+0000 INFO  [o.n.k.i.DiagnosticsManager] Interface WAN Miniport (PPTP):
2017-04-22 18:22:52.540+0000 INFO  [o.n.k.i.DiagnosticsManager] Interface Microsoft Teredo Tunneling Adapter:
2017-04-22 18:22:52.540+0000 INFO  [o.n.k.i.DiagnosticsManager]     address: 2001:0:9d38:78cf:101e:2779:7334:1d02
2017-04-22 18:22:52.540+0000 INFO  [o.n.k.i.DiagnosticsManager]     address: fe80:0:0:0:101e:2779:7334:1d02%net2
2017-04-22 18:22:52.540+0000 INFO  [o.n.k.i.DiagnosticsManager] Interface Qualcomm Atheros AR8172/8176/8178 PCI-E Fast Ethernet Controller (NDIS 6.30):
2017-04-22 18:22:52.540+0000 INFO  [o.n.k.i.DiagnosticsManager]     address: fe80:0:0:0:8c4:f741:4da2:570%eth0
2017-04-22 18:22:52.540+0000 INFO  [o.n.k.i.DiagnosticsManager] Interface Microsoft ISATAP Adapter #3:
2017-04-22 18:22:52.540+0000 INFO  [o.n.k.i.DiagnosticsManager]     address: fe80:0:0:0:200:5efe:8ccb:e2fd%net3
2017-04-22 18:22:52.540+0000 INFO  [o.n.k.i.DiagnosticsManager] Interface RAS Async Adapter:
2017-04-22 18:22:52.540+0000 INFO  [o.n.k.i.DiagnosticsManager] Interface Microsoft Wi-Fi Direct Virtual Adapter:
2017-04-22 18:22:52.540+0000 INFO  [o.n.k.i.DiagnosticsManager]     address: fe80:0:0:0:29bb:ad4f:7ccd:eb0d%wlan0
2017-04-22 18:22:52.540+0000 INFO  [o.n.k.i.DiagnosticsManager] Interface WAN Miniport (PPPOE):
2017-04-22 18:22:52.540+0000 INFO  [o.n.k.i.DiagnosticsManager] Interface WAN Miniport (L2TP):
2017-04-22 18:22:52.540+0000 INFO  [o.n.k.i.DiagnosticsManager] Interface Microsoft Kernel Debug Network Adapter:
2017-04-22 18:22:52.540+0000 INFO  [o.n.k.i.DiagnosticsManager] Interface WAN Miniport (SSTP):
2017-04-22 18:22:52.540+0000 INFO  [o.n.k.i.DiagnosticsManager] Interface WAN Miniport (IPv6):
2017-04-22 18:22:52.540+0000 INFO  [o.n.k.i.DiagnosticsManager] Interface WAN Miniport (IP):
2017-04-22 18:22:52.540+0000 INFO  [o.n.k.i.DiagnosticsManager] Interface Broadcom 802.11n Network Adapter:
2017-04-22 18:22:52.540+0000 INFO  [o.n.k.i.DiagnosticsManager]     address: 140.203.226.253
2017-04-22 18:22:52.540+0000 INFO  [o.n.k.i.DiagnosticsManager]     address: fe80:0:0:0:ccca:704a:7a90:eee3%wlan1
2017-04-22 18:22:52.540+0000 INFO  [o.n.k.i.DiagnosticsManager] Interface WAN Miniport (IKEv2):
2017-04-22 18:22:52.540+0000 INFO  [o.n.k.i.DiagnosticsManager] Interface Bluetooth Device (Personal Area Network):
2017-04-22 18:22:52.540+0000 INFO  [o.n.k.i.DiagnosticsManager] Interface WAN Miniport (Network Monitor):
2017-04-22 18:22:52.540+0000 INFO  [o.n.k.i.DiagnosticsManager] Interface Microsoft ISATAP Adapter #2:
2017-04-22 18:22:52.540+0000 INFO  [o.n.k.i.DiagnosticsManager] Interface Qualcomm Atheros AR8172/8176/8178 PCI-E Fast Ethernet Controller (NDIS 6.30)-WFP Native MAC Layer LightWeight Filter-0000:
2017-04-22 18:22:52.540+0000 INFO  [o.n.k.i.DiagnosticsManager] Interface Qualcomm Atheros AR8172/8176/8178 PCI-E Fast Ethernet Controller (NDIS 6.30)-QoS Packet Scheduler-0000:
2017-04-22 18:22:52.540+0000 INFO  [o.n.k.i.DiagnosticsManager] Interface Qualcomm Atheros AR8172/8176/8178 PCI-E Fast Ethernet Controller (NDIS 6.30)-WFP 802.3 MAC Layer LightWeight Filter-0000:
2017-04-22 18:22:52.540+0000 INFO  [o.n.k.i.DiagnosticsManager] Interface Broadcom 802.11n Network Adapter-WFP Native MAC Layer LightWeight Filter-0000:
2017-04-22 18:22:52.540+0000 INFO  [o.n.k.i.DiagnosticsManager] Interface Broadcom 802.11n Network Adapter-Virtual WiFi Filter Driver-0000:
2017-04-22 18:22:52.540+0000 INFO  [o.n.k.i.DiagnosticsManager] Interface Broadcom 802.11n Network Adapter-Native WiFi Filter Driver-0000:
2017-04-22 18:22:52.540+0000 INFO  [o.n.k.i.DiagnosticsManager] Interface Broadcom 802.11n Network Adapter-QoS Packet Scheduler-0000:
2017-04-22 18:22:52.540+0000 INFO  [o.n.k.i.DiagnosticsManager] Interface Broadcom 802.11n Network Adapter-WFP 802.3 MAC Layer LightWeight Filter-0000:
2017-04-22 18:22:52.540+0000 INFO  [o.n.k.i.DiagnosticsManager] Interface Microsoft Wi-Fi Direct Virtual Adapter-WFP Native MAC Layer LightWeight Filter-0000:
2017-04-22 18:22:52.540+0000 INFO  [o.n.k.i.DiagnosticsManager] Interface Microsoft Wi-Fi Direct Virtual Adapter-Native WiFi Filter Driver-0000:
2017-04-22 18:22:52.540+0000 INFO  [o.n.k.i.DiagnosticsManager] Interface Microsoft Wi-Fi Direct Virtual Adapter-QoS Packet Scheduler-0000:
2017-04-22 18:22:52.540+0000 INFO  [o.n.k.i.DiagnosticsManager] Interface Microsoft Wi-Fi Direct Virtual Adapter-WFP 802.3 MAC Layer LightWeight Filter-0000:
2017-04-22 18:22:52.540+0000 INFO  [o.n.k.i.DiagnosticsManager] --- INITIALIZED diagnostics END ---
2017-04-22 18:22:52.553+0000 INFO  [o.n.b.v.r.WorkerFactory] Bolt Server extension loaded.
2017-04-22 18:22:52.554+0000 INFO  [o.n.b.v.r.WorkerFactory] Bolt enabled on localhost:7687.
2017-04-22 18:22:52.561+0000 INFO  [o.n.k.i.s.f.RecordFormatSelector] Selected format 'RecordFormat:StandardV3_0[v0.A.7]' for the new store
2017-04-22 18:22:54.157+0000 INFO  [o.n.k.a.i.l.LuceneLabelScanStore] No lucene scan store index found, this might just be first use. Preparing to rebuild.
2017-04-22 18:22:54.214+0000 INFO  [o.n.k.NeoStoreDataSource] Opened logical log [C:\Users\Jomziii\Documents\Neo4j\TimeTableFinal\neostore.transaction.db.0] version=0, lastTxId=1 (clean)
2017-04-22 18:22:54.214+0000 WARN  [o.n.k.i.s.MetaDataStore] Missing counts store, rebuilding it.
2017-04-22 18:22:54.347+0000 INFO  [o.n.k.a.i.l.LuceneLabelScanStore] Rebuilding lucene scan store, this may take a while
2017-04-22 18:22:54.369+0000 INFO  [o.n.k.a.i.l.LuceneLabelScanStore] Lucene scan store rebuilt (roughly 0 nodes)
2017-04-22 18:22:54.370+0000 INFO  [o.n.k.i.DatabaseHealth] Database health set to OK
2017-04-22 18:22:54.395+0000 INFO  [o.n.k.AvailabilityGuard] Fulfilling of requirement makes database available: Database available
2017-04-22 18:22:54.396+0000 INFO  [o.n.k.i.f.GraphDatabaseFacadeFactory] Database is now ready
2017-04-22 18:22:54.396+0000 INFO  [o.n.k.i.DiagnosticsManager] --- STARTED diagnostics for KernelDiagnostics:Versions START ---
2017-04-22 18:22:54.397+0000 INFO  [o.n.k.i.DiagnosticsManager] Graph Database: community single StoreId{creationTime=1492885374084, randomId=8910080899456491047, storeVersion=15531981201765894, upgradeTime=1492885374084, upgradeId=1}
2017-04-22 18:22:54.397+0000 INFO  [o.n.k.i.DiagnosticsManager] Kernel version: 3.1.2
2017-04-22 18:22:54.398+0000 INFO  [o.n.k.i.DiagnosticsManager] --- STARTED diagnostics for KernelDiagnostics:Versions END ---
2017-04-22 18:22:54.398+0000 INFO  [o.n.k.i.DiagnosticsManager] --- STARTED diagnostics for NEO_STORE_VERSIONS START ---
2017-04-22 18:22:54.400+0000 INFO  [o.n.k.i.DiagnosticsManager] Store versions:
2017-04-22 18:22:54.401+0000 INFO  [o.n.k.i.DiagnosticsManager] Store versions:
2017-04-22 18:22:54.401+0000 INFO  [o.n.k.i.DiagnosticsManager]   ArrayPropertyStore v0.A.7
2017-04-22 18:22:54.413+0000 INFO  [o.n.k.i.DiagnosticsManager]   NodeStore v0.A.7
2017-04-22 18:22:54.414+0000 INFO  [o.n.k.i.DiagnosticsManager]   StringPropertyStore v0.A.7
2017-04-22 18:22:54.414+0000 INFO  [o.n.k.i.DiagnosticsManager]   PropertyIndexStore v0.A.7
2017-04-22 18:22:54.415+0000 INFO  [o.n.k.i.DiagnosticsManager]   StringPropertyStore v0.A.7
2017-04-22 18:22:54.416+0000 INFO  [o.n.k.i.DiagnosticsManager]   ArrayPropertyStore v0.A.7
2017-04-22 18:22:54.416+0000 INFO  [o.n.k.i.DiagnosticsManager]   PropertyStore v0.A.7
2017-04-22 18:22:54.416+0000 INFO  [o.n.k.i.DiagnosticsManager]   RelationshipStore v0.A.7
2017-04-22 18:22:54.417+0000 INFO  [o.n.k.i.DiagnosticsManager]   StringPropertyStore v0.A.7
2017-04-22 18:22:54.417+0000 INFO  [o.n.k.i.DiagnosticsManager]   RelationshipTypeStore v0.A.7
2017-04-22 18:22:54.418+0000 INFO  [o.n.k.i.DiagnosticsManager]   StringPropertyStore v0.A.7
2017-04-22 18:22:54.418+0000 INFO  [o.n.k.i.DiagnosticsManager]   LabelTokenStore v0.A.7
2017-04-22 18:22:54.419+0000 INFO  [o.n.k.i.DiagnosticsManager]   SchemaStore v0.A.7
2017-04-22 18:22:54.419+0000 INFO  [o.n.k.i.DiagnosticsManager]   RelationshipGroupStore v0.A.7
2017-04-22 18:22:54.419+0000 INFO  [o.n.k.i.DiagnosticsManager]   NeoStore v0.A.7
2017-04-22 18:22:54.420+0000 INFO  [o.n.k.i.DiagnosticsManager] --- STARTED diagnostics for NEO_STORE_VERSIONS END ---
2017-04-22 18:22:54.420+0000 INFO  [o.n.k.i.DiagnosticsManager] --- STARTED diagnostics for NEO_STORE_ID_USAGE START ---
2017-04-22 18:22:54.421+0000 INFO  [o.n.k.i.DiagnosticsManager] Id usage:
2017-04-22 18:22:54.421+0000 INFO  [o.n.k.i.DiagnosticsManager] Id usage:
2017-04-22 18:22:54.422+0000 INFO  [o.n.k.i.DiagnosticsManager]   ArrayPropertyStore: used=1 high=0
2017-04-22 18:22:54.422+0000 INFO  [o.n.k.i.DiagnosticsManager]   NodeStore: used=0 high=-1
2017-04-22 18:22:54.422+0000 INFO  [o.n.k.i.DiagnosticsManager]   StringPropertyStore: used=1 high=0
2017-04-22 18:22:54.423+0000 INFO  [o.n.k.i.DiagnosticsManager]   PropertyIndexStore: used=0 high=-1
2017-04-22 18:22:54.423+0000 INFO  [o.n.k.i.DiagnosticsManager]   StringPropertyStore: used=1 high=0
2017-04-22 18:22:54.424+0000 INFO  [o.n.k.i.DiagnosticsManager]   ArrayPropertyStore: used=1 high=0
2017-04-22 18:22:54.424+0000 INFO  [o.n.k.i.DiagnosticsManager]   PropertyStore: used=0 high=-1
2017-04-22 18:22:54.425+0000 INFO  [o.n.k.i.DiagnosticsManager]   RelationshipStore: used=0 high=-1
2017-04-22 18:22:54.425+0000 INFO  [o.n.k.i.DiagnosticsManager]   StringPropertyStore: used=1 high=0
2017-04-22 18:22:54.426+0000 INFO  [o.n.k.i.DiagnosticsManager]   RelationshipTypeStore: used=0 high=-1
2017-04-22 18:22:54.426+0000 INFO  [o.n.k.i.DiagnosticsManager]   StringPropertyStore: used=1 high=0
2017-04-22 18:22:54.426+0000 INFO  [o.n.k.i.DiagnosticsManager]   LabelTokenStore: used=0 high=-1
2017-04-22 18:22:54.427+0000 INFO  [o.n.k.i.DiagnosticsManager]   SchemaStore: used=1 high=0
2017-04-22 18:22:54.427+0000 INFO  [o.n.k.i.DiagnosticsManager]   RelationshipGroupStore: used=1 high=0
2017-04-22 18:22:54.428+0000 INFO  [o.n.k.i.DiagnosticsManager]   NeoStore: used=15 high=14
2017-04-22 18:22:54.428+0000 INFO  [o.n.k.i.DiagnosticsManager] --- STARTED diagnostics for NEO_STORE_ID_USAGE END ---
2017-04-22 18:22:54.429+0000 INFO  [o.n.k.i.DiagnosticsManager] --- STARTED diagnostics for NEO_STORE_RECORDS START ---
2017-04-22 18:22:54.429+0000 INFO  [o.n.k.i.DiagnosticsManager] Neostore records:
2017-04-22 18:22:54.429+0000 INFO  [o.n.k.i.DiagnosticsManager] TIME (Creation time): 1492885374084
2017-04-22 18:22:54.430+0000 INFO  [o.n.k.i.DiagnosticsManager] RANDOM_NUMBER (Random number for store id): 8910080899456491047
2017-04-22 18:22:54.430+0000 INFO  [o.n.k.i.DiagnosticsManager] LOG_VERSION (Current log version): 0
2017-04-22 18:22:54.431+0000 INFO  [o.n.k.i.DiagnosticsManager] LAST_TRANSACTION_ID (Last committed transaction): 1
2017-04-22 18:22:54.431+0000 INFO  [o.n.k.i.DiagnosticsManager] STORE_VERSION (Store format version): 15531981201765894
2017-04-22 18:22:54.431+0000 INFO  [o.n.k.i.DiagnosticsManager] FIRST_GRAPH_PROPERTY (First property record containing graph properties): -1
2017-04-22 18:22:54.432+0000 INFO  [o.n.k.i.DiagnosticsManager] LAST_CONSTRAINT_TRANSACTION (Last committed transaction containing constraint changes): 0
2017-04-22 18:22:54.432+0000 INFO  [o.n.k.i.DiagnosticsManager] UPGRADE_TRANSACTION_ID (Transaction id most recent upgrade was performed at): 1
2017-04-22 18:22:54.433+0000 INFO  [o.n.k.i.DiagnosticsManager] UPGRADE_TIME (Time of last upgrade): 1492885374084
2017-04-22 18:22:54.433+0000 INFO  [o.n.k.i.DiagnosticsManager] LAST_TRANSACTION_CHECKSUM (Checksum of last committed transaction): 0
2017-04-22 18:22:54.434+0000 INFO  [o.n.k.i.DiagnosticsManager] UPGRADE_TRANSACTION_CHECKSUM (Checksum of transaction id the most recent upgrade was performed at): 0
2017-04-22 18:22:54.434+0000 INFO  [o.n.k.i.DiagnosticsManager] LAST_CLOSED_TRANSACTION_LOG_VERSION (Log version where the last transaction commit entry has been written into): 0
2017-04-22 18:22:54.434+0000 INFO  [o.n.k.i.DiagnosticsManager] LAST_CLOSED_TRANSACTION_LOG_BYTE_OFFSET (Byte offset in the log file where the last transaction commit entry has been written into): 16
2017-04-22 18:22:54.435+0000 INFO  [o.n.k.i.DiagnosticsManager] LAST_TRANSACTION_COMMIT_TIMESTAMP (Commit time timestamp for last committed transaction): 0
2017-04-22 18:22:54.435+0000 INFO  [o.n.k.i.DiagnosticsManager] UPGRADE_TRANSACTION_COMMIT_TIMESTAMP (Commit timestamp of transaction the most recent upgrade was performed at): 0
2017-04-22 18:22:54.436+0000 INFO  [o.n.k.i.DiagnosticsManager] --- STARTED diagnostics for NEO_STORE_RECORDS END ---
2017-04-22 18:22:54.436+0000 INFO  [o.n.k.i.DiagnosticsManager] --- STARTED diagnostics for TRANSACTION_RANGE START ---
2017-04-22 18:22:54.436+0000 INFO  [o.n.k.i.DiagnosticsManager] Transaction log:
2017-04-22 18:22:54.457+0000 INFO  [o.n.k.i.DiagnosticsManager] No transactions found in any log
2017-04-22 18:22:54.458+0000 INFO  [o.n.k.i.DiagnosticsManager] --- STARTED diagnostics for TRANSACTION_RANGE END ---
2017-04-22 18:22:54.458+0000 INFO  [o.n.k.i.DiagnosticsManager] --- STARTED diagnostics for KernelDiagnostics:StoreFiles START ---
2017-04-22 18:22:54.465+0000 INFO  [o.n.k.i.DiagnosticsManager] Disk space on partition (Total / Free / Free %): 952923844608 / 855638159360 / 89
Storage files: (filename : modification date - size)
2017-04-22 18:22:54.467+0000 INFO  [o.n.k.i.DiagnosticsManager]   certificates:
2017-04-22 18:22:54.468+0000 INFO  [o.n.k.i.DiagnosticsManager]     neo4j.cert: 2017-04-22T19:22:52+0100 - 1002.00 B
2017-04-22 18:22:54.473+0000 INFO  [o.n.k.i.DiagnosticsManager]     neo4j.key: 2017-04-22T19:22:52+0100 - 1.69 kB
2017-04-22 18:22:54.474+0000 INFO  [o.n.k.i.DiagnosticsManager]   - Total: 2017-04-22T19:22:52+0100 - 2.67 kB
2017-04-22 18:22:54.474+0000 INFO  [o.n.k.i.DiagnosticsManager]   data:
2017-04-22 18:22:54.475+0000 INFO  [o.n.k.i.DiagnosticsManager]     dbms:
2017-04-22 18:22:54.477+0000 INFO  [o.n.k.i.DiagnosticsManager]       auth: 2017-04-22T19:22:54+0100 - 137.00 B
2017-04-22 18:22:54.478+0000 INFO  [o.n.k.i.DiagnosticsManager]     - Total: 2017-04-22T19:22:54+0100 - 137.00 B
2017-04-22 18:22:54.479+0000 INFO  [o.n.k.i.DiagnosticsManager]   - Total: 2017-04-22T19:22:54+0100 - 137.00 B
2017-04-22 18:22:54.480+0000 INFO  [o.n.k.i.DiagnosticsManager]   index:
2017-04-22 18:22:54.481+0000 INFO  [o.n.k.i.DiagnosticsManager]   - Total: 2017-04-22T19:22:54+0100 - 0.00 B
2017-04-22 18:22:54.482+0000 INFO  [o.n.k.i.DiagnosticsManager]   logs:
2017-04-22 18:22:54.483+0000 INFO  [o.n.k.i.DiagnosticsManager]     debug.log: 2017-04-22T19:22:54+0100 - 32.32 kB
2017-04-22 18:22:54.485+0000 INFO  [o.n.k.i.DiagnosticsManager]   - Total: 2017-04-22T19:22:52+0100 - 32.32 kB
2017-04-22 18:22:54.486+0000 INFO  [o.n.k.i.DiagnosticsManager]   neostore: 2017-04-22T19:22:54+0100 - 8.00 kB
2017-04-22 18:22:54.487+0000 INFO  [o.n.k.i.DiagnosticsManager]   neostore.counts.db.a: 2017-04-22T19:22:54+0100 - 96.00 B
2017-04-22 18:22:54.488+0000 INFO  [o.n.k.i.DiagnosticsManager]   neostore.id: 2017-04-22T19:22:54+0100 - 9.00 B
2017-04-22 18:22:54.489+0000 INFO  [o.n.k.i.DiagnosticsManager]   neostore.labeltokenstore.db: 2017-04-22T19:22:53+0100 - 0.00 B
2017-04-22 18:22:54.490+0000 INFO  [o.n.k.i.DiagnosticsManager]   neostore.labeltokenstore.db.id: 2017-04-22T19:22:53+0100 - 9.00 B
2017-04-22 18:22:54.491+0000 INFO  [o.n.k.i.DiagnosticsManager]   neostore.labeltokenstore.db.names: 2017-04-22T19:22:53+0100 - 8.00 kB
2017-04-22 18:22:54.491+0000 INFO  [o.n.k.i.DiagnosticsManager]   neostore.labeltokenstore.db.names.id: 2017-04-22T19:22:53+0100 - 9.00 B
2017-04-22 18:22:54.492+0000 INFO  [o.n.k.i.DiagnosticsManager]   neostore.nodestore.db: 2017-04-22T19:22:52+0100 - 0.00 B
2017-04-22 18:22:54.493+0000 INFO  [o.n.k.i.DiagnosticsManager]   neostore.nodestore.db.id: 2017-04-22T19:22:52+0100 - 9.00 B
2017-04-22 18:22:54.494+0000 INFO  [o.n.k.i.DiagnosticsManager]   neostore.nodestore.db.labels: 2017-04-22T19:22:52+0100 - 8.00 kB
2017-04-22 18:22:54.495+0000 INFO  [o.n.k.i.DiagnosticsManager]   neostore.nodestore.db.labels.id: 2017-04-22T19:22:52+0100 - 9.00 B
2017-04-22 18:22:54.496+0000 INFO  [o.n.k.i.DiagnosticsManager]   neostore.propertystore.db: 2017-04-22T19:22:53+0100 - 0.00 B
2017-04-22 18:22:54.498+0000 INFO  [o.n.k.i.DiagnosticsManager]   neostore.propertystore.db.arrays: 2017-04-22T19:22:53+0100 - 8.00 kB
2017-04-22 18:22:54.500+0000 INFO  [o.n.k.i.DiagnosticsManager]   neostore.propertystore.db.arrays.id: 2017-04-22T19:22:53+0100 - 9.00 B
2017-04-22 18:22:54.501+0000 INFO  [o.n.k.i.DiagnosticsManager]   neostore.propertystore.db.id: 2017-04-22T19:22:53+0100 - 9.00 B
2017-04-22 18:22:54.501+0000 INFO  [o.n.k.i.DiagnosticsManager]   neostore.propertystore.db.index: 2017-04-22T19:22:52+0100 - 0.00 B
2017-04-22 18:22:54.502+0000 INFO  [o.n.k.i.DiagnosticsManager]   neostore.propertystore.db.index.id: 2017-04-22T19:22:52+0100 - 9.00 B
2017-04-22 18:22:54.504+0000 INFO  [o.n.k.i.DiagnosticsManager]   neostore.propertystore.db.index.keys: 2017-04-22T19:22:52+0100 - 8.00 kB
2017-04-22 18:22:54.505+0000 INFO  [o.n.k.i.DiagnosticsManager]   neostore.propertystore.db.index.keys.id: 2017-04-22T19:22:52+0100 - 9.00 B
2017-04-22 18:22:54.506+0000 INFO  [o.n.k.i.DiagnosticsManager]   neostore.propertystore.db.strings: 2017-04-22T19:22:53+0100 - 8.00 kB
2017-04-22 18:22:54.506+0000 INFO  [o.n.k.i.DiagnosticsManager]   neostore.propertystore.db.strings.id: 2017-04-22T19:22:53+0100 - 9.00 B
2017-04-22 18:22:54.507+0000 INFO  [o.n.k.i.DiagnosticsManager]   neostore.relationshipgroupstore.db: 2017-04-22T19:22:53+0100 - 8.00 kB
2017-04-22 18:22:54.508+0000 INFO  [o.n.k.i.DiagnosticsManager]   neostore.relationshipgroupstore.db.id: 2017-04-22T19:22:53+0100 - 9.00 B
2017-04-22 18:22:54.509+0000 INFO  [o.n.k.i.DiagnosticsManager]   neostore.relationshipstore.db: 2017-04-22T19:22:53+0100 - 0.00 B
2017-04-22 18:22:54.510+0000 INFO  [o.n.k.i.DiagnosticsManager]   neostore.relationshipstore.db.id: 2017-04-22T19:22:53+0100 - 9.00 B
2017-04-22 18:22:54.511+0000 INFO  [o.n.k.i.DiagnosticsManager]   neostore.relationshiptypestore.db: 2017-04-22T19:22:53+0100 - 0.00 B
2017-04-22 18:22:54.512+0000 INFO  [o.n.k.i.DiagnosticsManager]   neostore.relationshiptypestore.db.id: 2017-04-22T19:22:53+0100 - 9.00 B
2017-04-22 18:22:54.513+0000 INFO  [o.n.k.i.DiagnosticsManager]   neostore.relationshiptypestore.db.names: 2017-04-22T19:22:53+0100 - 8.00 kB
2017-04-22 18:22:54.514+0000 INFO  [o.n.k.i.DiagnosticsManager]   neostore.relationshiptypestore.db.names.id: 2017-04-22T19:22:53+0100 - 9.00 B
2017-04-22 18:22:54.515+0000 INFO  [o.n.k.i.DiagnosticsManager]   neostore.schemastore.db: 2017-04-22T19:22:53+0100 - 8.00 kB
2017-04-22 18:22:54.516+0000 INFO  [o.n.k.i.DiagnosticsManager]   neostore.schemastore.db.id: 2017-04-22T19:22:53+0100 - 9.00 B
2017-04-22 18:22:54.517+0000 INFO  [o.n.k.i.DiagnosticsManager]   neostore.transaction.db.0: 2017-04-22T19:22:54+0100 - 16.00 B
2017-04-22 18:22:54.517+0000 INFO  [o.n.k.i.DiagnosticsManager]   schema:
2017-04-22 18:22:54.518+0000 INFO  [o.n.k.i.DiagnosticsManager]     label:
2017-04-22 18:22:54.519+0000 INFO  [o.n.k.i.DiagnosticsManager]       lucene:
2017-04-22 18:22:54.520+0000 INFO  [o.n.k.i.DiagnosticsManager]         labelStore:
2017-04-22 18:22:54.521+0000 INFO  [o.n.k.i.DiagnosticsManager]           1:
2017-04-22 18:22:54.523+0000 INFO  [o.n.k.i.DiagnosticsManager]             write.lock: 2017-04-22T19:22:54+0100 - 0.00 B
2017-04-22 18:22:54.523+0000 INFO  [o.n.k.i.DiagnosticsManager]           - Total: 2017-04-22T19:22:54+0100 - 0.00 B
2017-04-22 18:22:54.524+0000 INFO  [o.n.k.i.DiagnosticsManager]           failure-message: 2017-04-22T19:22:54+0100 - 16.00 kB
2017-04-22 18:22:54.525+0000 INFO  [o.n.k.i.DiagnosticsManager]         - Total: 2017-04-22T19:22:54+0100 - 16.00 kB
2017-04-22 18:22:54.526+0000 INFO  [o.n.k.i.DiagnosticsManager]       - Total: 2017-04-22T19:22:54+0100 - 16.00 kB
2017-04-22 18:22:54.526+0000 INFO  [o.n.k.i.DiagnosticsManager]     - Total: 2017-04-22T19:22:54+0100 - 16.00 kB
2017-04-22 18:22:54.527+0000 INFO  [o.n.k.i.DiagnosticsManager]   - Total: 2017-04-22T19:22:54+0100 - 16.00 kB
2017-04-22 18:22:54.528+0000 INFO  [o.n.k.i.DiagnosticsManager]   store_lock: 2017-04-22T19:22:52+0100 - 0.00 B
2017-04-22 18:22:54.528+0000 INFO  [o.n.k.i.DiagnosticsManager] --- STARTED diagnostics for KernelDiagnostics:StoreFiles END ---
2017-04-22 18:22:54.542+0000 INFO  [o.n.k.i.DiagnosticsManager] --- SERVER STARTED START ---
2017-04-22 18:22:55.465+0000 INFO  [o.n.k.i.DiagnosticsManager] --- SERVER STARTED END ---
2017-04-22 18:26:55.268+0000 WARN  [o.n.k.i.c.MonitorGc] GC Monitor: Application threads blocked for 233ms.
2017-04-22 18:27:49.837+0000 INFO  [o.n.c.i.ExecutionEngine] Discarded stale query from the query cache: CALL db.labels() YIELD label
WITH COLLECT(label) AS labels
RETURN 'labels' as a, labels as result
UNION
CALL db.relationshipTypes() YIELD relationshipType
WITH COLLECT(relationshipType) AS relationshipTypes
RETURN 'relationshipTypes'as a, relationshipTypes as result
UNION
CALL db.propertyKeys() YIELD propertyKey
WITH COLLECT(propertyKey) AS propertyKeys
RETURN 'propertyKeys' as a, propertyKeys as result
2017-04-22 18:27:49.853+0000 INFO  [o.n.c.i.CypherCompiler] Discarded stale query from the query cache: CALL db.labels() YIELD label
WITH COLLECT(label) AS labels
RETURN 'labels' as a, labels as result
UNION
CALL db.relationshipTypes() YIELD relationshipType
WITH COLLECT(relationshipType) AS relationshipTypes
RETURN 'relationshipTypes'as a, relationshipTypes as result
UNION
CALL db.propertyKeys() YIELD propertyKey
WITH COLLECT(propertyKey) AS propertyKeys
RETURN 'propertyKeys' as a, propertyKeys as result
2017-04-22 18:27:54.642+0000 INFO  [o.n.k.i.t.l.c.CheckPointerImpl] Check Pointing triggered by scheduler for time threshold [78]:  Starting check pointing...
2017-04-22 18:27:54.642+0000 INFO  [o.n.k.i.t.l.c.CheckPointerImpl] Check Pointing triggered by scheduler for time threshold [78]:  Starting store flush...
2017-04-22 18:27:54.778+0000 INFO  [o.n.k.i.s.c.CountsTracker] About to rotate counts store at transaction 78 to [C:\Users\Jomziii\Documents\Neo4j\TimeTableFinal\neostore.counts.db.b], from [C:\Users\Jomziii\Documents\Neo4j\TimeTableFinal\neostore.counts.db.a].
2017-04-22 18:27:54.778+0000 INFO  [o.n.k.i.s.c.CountsTracker] Successfully rotated counts store at transaction 78 to [C:\Users\Jomziii\Documents\Neo4j\TimeTableFinal\neostore.counts.db.b], from [C:\Users\Jomziii\Documents\Neo4j\TimeTableFinal\neostore.counts.db.a].
2017-04-22 18:27:55.062+0000 INFO  [o.n.k.i.t.l.c.CheckPointerImpl] Check Pointing triggered by scheduler for time threshold [78]:  Store flush completed
2017-04-22 18:27:55.062+0000 INFO  [o.n.k.i.t.l.c.CheckPointerImpl] Check Pointing triggered by scheduler for time threshold [78]:  Starting appending check point entry into the tx log...
2017-04-22 18:27:55.093+0000 INFO  [o.n.k.i.t.l.c.CheckPointerImpl] Check Pointing triggered by scheduler for time threshold [78]:  Appending check point entry into the tx log completed
2017-04-22 18:27:55.093+0000 INFO  [o.n.k.i.t.l.c.CheckPointerImpl] Check Pointing triggered by scheduler for time threshold [78]:  Check pointing completed
2017-04-22 18:27:55.093+0000 INFO  [o.n.k.i.t.l.p.LogPruningImpl] Log Rotation [0]:  Starting log pruning.
2017-04-22 18:27:55.093+0000 INFO  [o.n.k.i.t.l.p.LogPruningImpl] Log Rotation [0]:  Log pruning complete.
2017-04-22 18:38:45.484+0000 INFO  [o.n.k.i.t.l.c.CheckPointerImpl] Check Pointing triggered by scheduler for time threshold [85]:  Starting check pointing...
2017-04-22 18:38:45.484+0000 INFO  [o.n.k.i.t.l.c.CheckPointerImpl] Check Pointing triggered by scheduler for time threshold [85]:  Starting store flush...
2017-04-22 18:38:45.584+0000 INFO  [o.n.k.i.s.c.CountsTracker] About to rotate counts store at transaction 85 to [C:\Users\Jomziii\Documents\Neo4j\TimeTableFinal\neostore.counts.db.a], from [C:\Users\Jomziii\Documents\Neo4j\TimeTableFinal\neostore.counts.db.b].
2017-04-22 18:38:45.584+0000 INFO  [o.n.k.i.s.c.CountsTracker] Successfully rotated counts store at transaction 85 to [C:\Users\Jomziii\Documents\Neo4j\TimeTableFinal\neostore.counts.db.a], from [C:\Users\Jomziii\Documents\Neo4j\TimeTableFinal\neostore.counts.db.b].
2017-04-22 18:38:45.868+0000 INFO  [o.n.k.i.t.l.c.CheckPointerImpl] Check Pointing triggered by scheduler for time threshold [85]:  Store flush completed
2017-04-22 18:38:45.868+0000 INFO  [o.n.k.i.t.l.c.CheckPointerImpl] Check Pointing triggered by scheduler for time threshold [85]:  Starting appending check point entry into the tx log...
2017-04-22 18:38:45.884+0000 INFO  [o.n.k.i.t.l.c.CheckPointerImpl] Check Pointing triggered by scheduler for time threshold [85]:  Appending check point entry into the tx log completed
2017-04-22 18:38:45.884+0000 INFO  [o.n.k.i.t.l.c.CheckPointerImpl] Check Pointing triggered by scheduler for time threshold [85]:  Check pointing completed
2017-04-22 18:38:45.884+0000 INFO  [o.n.k.i.t.l.p.LogPruningImpl] Log Rotation [0]:  Starting log pruning.
2017-04-22 18:38:45.884+0000 INFO  [o.n.k.i.t.l.p.LogPruningImpl] Log Rotation [0]:  Log pruning complete.
2017-04-22 18:40:51.899+0000 INFO  [o.n.c.i.ExecutionEngine] Discarded stale query from the query cache: MATCH (a)-[r]->(b) WHERE id(a) IN {node_ids}
AND id(b) IN {new_node_ids}
RETURN r;
2017-04-22 18:40:51.902+0000 INFO  [o.n.c.i.CypherCompiler] Discarded stale query from the query cache: MATCH (a)-[r]->(b) WHERE id(a) IN {node_ids}
AND id(b) IN {new_node_ids}
RETURN r;
2017-04-22 18:43:46.069+0000 INFO  [o.n.k.i.t.l.c.CheckPointerImpl] Check Pointing triggered by scheduler for time threshold [90]:  Starting check pointing...
2017-04-22 18:43:46.070+0000 INFO  [o.n.k.i.t.l.c.CheckPointerImpl] Check Pointing triggered by scheduler for time threshold [90]:  Starting store flush...
2017-04-22 18:43:46.202+0000 INFO  [o.n.k.i.s.c.CountsTracker] About to rotate counts store at transaction 90 to [C:\Users\Jomziii\Documents\Neo4j\TimeTableFinal\neostore.counts.db.b], from [C:\Users\Jomziii\Documents\Neo4j\TimeTableFinal\neostore.counts.db.a].
2017-04-22 18:43:46.207+0000 INFO  [o.n.k.i.s.c.CountsTracker] Successfully rotated counts store at transaction 90 to [C:\Users\Jomziii\Documents\Neo4j\TimeTableFinal\neostore.counts.db.b], from [C:\Users\Jomziii\Documents\Neo4j\TimeTableFinal\neostore.counts.db.a].
2017-04-22 18:43:46.402+0000 INFO  [o.n.k.i.t.l.c.CheckPointerImpl] Check Pointing triggered by scheduler for time threshold [90]:  Store flush completed
2017-04-22 18:43:46.403+0000 INFO  [o.n.k.i.t.l.c.CheckPointerImpl] Check Pointing triggered by scheduler for time threshold [90]:  Starting appending check point entry into the tx log...
2017-04-22 18:43:46.424+0000 INFO  [o.n.k.i.t.l.c.CheckPointerImpl] Check Pointing triggered by scheduler for time threshold [90]:  Appending check point entry into the tx log completed
2017-04-22 18:43:46.425+0000 INFO  [o.n.k.i.t.l.c.CheckPointerImpl] Check Pointing triggered by scheduler for time threshold [90]:  Check pointing completed
2017-04-22 18:43:46.425+0000 INFO  [o.n.k.i.t.l.p.LogPruningImpl] Log Rotation [0]:  Starting log pruning.
2017-04-22 18:43:46.427+0000 INFO  [o.n.k.i.t.l.p.LogPruningImpl] Log Rotation [0]:  Log pruning complete.
2017-04-22 18:48:56.731+0000 INFO  [o.n.k.i.t.l.c.CheckPointerImpl] Check Pointing triggered by scheduler for time threshold [92]:  Starting check pointing...
2017-04-22 18:48:56.732+0000 INFO  [o.n.k.i.t.l.c.CheckPointerImpl] Check Pointing triggered by scheduler for time threshold [92]:  Starting store flush...
2017-04-22 18:48:56.733+0000 INFO  [o.n.k.i.s.c.CountsTracker] About to rotate counts store at transaction 92 to [C:\Users\Jomziii\Documents\Neo4j\TimeTableFinal\neostore.counts.db.a], from [C:\Users\Jomziii\Documents\Neo4j\TimeTableFinal\neostore.counts.db.b].
2017-04-22 18:48:56.739+0000 INFO  [o.n.k.i.s.c.CountsTracker] Successfully rotated counts store at transaction 92 to [C:\Users\Jomziii\Documents\Neo4j\TimeTableFinal\neostore.counts.db.a], from [C:\Users\Jomziii\Documents\Neo4j\TimeTableFinal\neostore.counts.db.b].
2017-04-22 18:48:56.876+0000 INFO  [o.n.k.i.t.l.c.CheckPointerImpl] Check Pointing triggered by scheduler for time threshold [92]:  Store flush completed
2017-04-22 18:48:56.876+0000 INFO  [o.n.k.i.t.l.c.CheckPointerImpl] Check Pointing triggered by scheduler for time threshold [92]:  Starting appending check point entry into the tx log...
2017-04-22 18:48:56.908+0000 INFO  [o.n.k.i.t.l.c.CheckPointerImpl] Check Pointing triggered by scheduler for time threshold [92]:  Appending check point entry into the tx log completed
2017-04-22 18:48:56.908+0000 INFO  [o.n.k.i.t.l.c.CheckPointerImpl] Check Pointing triggered by scheduler for time threshold [92]:  Check pointing completed
2017-04-22 18:48:56.908+0000 INFO  [o.n.k.i.t.l.p.LogPruningImpl] Log Rotation [0]:  Starting log pruning.
2017-04-22 18:48:56.908+0000 INFO  [o.n.k.i.t.l.p.LogPruningImpl] Log Rotation [0]:  Log pruning complete.
2017-04-22 18:54:57.064+0000 INFO  [o.n.k.i.t.l.c.CheckPointerImpl] Check Pointing triggered by scheduler for time threshold [93]:  Starting check pointing...
2017-04-22 18:54:57.065+0000 INFO  [o.n.k.i.t.l.c.CheckPointerImpl] Check Pointing triggered by scheduler for time threshold [93]:  Starting store flush...
2017-04-22 18:54:57.162+0000 INFO  [o.n.k.i.s.c.CountsTracker] About to rotate counts store at transaction 93 to [C:\Users\Jomziii\Documents\Neo4j\TimeTableFinal\neostore.counts.db.b], from [C:\Users\Jomziii\Documents\Neo4j\TimeTableFinal\neostore.counts.db.a].
2017-04-22 18:54:57.177+0000 INFO  [o.n.k.i.s.c.CountsTracker] Successfully rotated counts store at transaction 93 to [C:\Users\Jomziii\Documents\Neo4j\TimeTableFinal\neostore.counts.db.b], from [C:\Users\Jomziii\Documents\Neo4j\TimeTableFinal\neostore.counts.db.a].
2017-04-22 18:54:57.299+0000 INFO  [o.n.k.i.t.l.c.CheckPointerImpl] Check Pointing triggered by scheduler for time threshold [93]:  Store flush completed
2017-04-22 18:54:57.299+0000 INFO  [o.n.k.i.t.l.c.CheckPointerImpl] Check Pointing triggered by scheduler for time threshold [93]:  Starting appending check point entry into the tx log...
2017-04-22 18:54:57.346+0000 INFO  [o.n.k.i.t.l.c.CheckPointerImpl] Check Pointing triggered by scheduler for time threshold [93]:  Appending check point entry into the tx log completed
2017-04-22 18:54:57.346+0000 INFO  [o.n.k.i.t.l.c.CheckPointerImpl] Check Pointing triggered by scheduler for time threshold [93]:  Check pointing completed
2017-04-22 18:54:57.346+0000 INFO  [o.n.k.i.t.l.p.LogPruningImpl] Log Rotation [0]:  Starting log pruning.
2017-04-22 18:54:57.346+0000 INFO  [o.n.k.i.t.l.p.LogPruningImpl] Log Rotation [0]:  Log pruning complete.
2017-04-22 19:01:15.225+0000 WARN  [o.n.k.i.c.MonitorGc] GC Monitor: Application threads blocked for 278ms.
2017-04-22 19:01:16.167+0000 WARN  [o.n.k.i.c.MonitorGc] GC Monitor: Application threads blocked for 418ms.
2017-04-22 19:01:16.560+0000 WARN  [o.n.k.i.c.MonitorGc] GC Monitor: Application threads blocked for 270ms.
2017-04-22 19:42:58.581+0000 WARN  [o.n.k.i.c.MonitorGc] GC Monitor: Application threads blocked for 2501054ms.
2017-04-22 19:48:08.604+0000 INFO  [o.n.k.i.t.l.c.CheckPointerImpl] Check Pointing triggered by scheduler for time threshold [94]:  Starting check pointing...
2017-04-22 19:48:08.604+0000 INFO  [o.n.k.i.t.l.c.CheckPointerImpl] Check Pointing triggered by scheduler for time threshold [94]:  Starting store flush...
2017-04-22 19:48:08.830+0000 INFO  [o.n.k.i.s.c.CountsTracker] About to rotate counts store at transaction 94 to [C:\Users\Jomziii\Documents\Neo4j\TimeTableFinal\neostore.counts.db.a], from [C:\Users\Jomziii\Documents\Neo4j\TimeTableFinal\neostore.counts.db.b].
2017-04-22 19:48:08.834+0000 INFO  [o.n.k.i.s.c.CountsTracker] Successfully rotated counts store at transaction 94 to [C:\Users\Jomziii\Documents\Neo4j\TimeTableFinal\neostore.counts.db.a], from [C:\Users\Jomziii\Documents\Neo4j\TimeTableFinal\neostore.counts.db.b].
2017-04-22 19:48:09.163+0000 INFO  [o.n.k.i.t.l.c.CheckPointerImpl] Check Pointing triggered by scheduler for time threshold [94]:  Store flush completed
2017-04-22 19:48:09.171+0000 INFO  [o.n.k.i.t.l.c.CheckPointerImpl] Check Pointing triggered by scheduler for time threshold [94]:  Starting appending check point entry into the tx log...
2017-04-22 19:48:09.192+0000 INFO  [o.n.k.i.t.l.c.CheckPointerImpl] Check Pointing triggered by scheduler for time threshold [94]:  Appending check point entry into the tx log completed
2017-04-22 19:48:09.193+0000 INFO  [o.n.k.i.t.l.c.CheckPointerImpl] Check Pointing triggered by scheduler for time threshold [94]:  Check pointing completed
2017-04-22 19:48:09.193+0000 INFO  [o.n.k.i.t.l.p.LogPruningImpl] Log Rotation [0]:  Starting log pruning.
2017-04-22 19:48:09.194+0000 INFO  [o.n.k.i.t.l.p.LogPruningImpl] Log Rotation [0]:  Log pruning complete.
2017-04-22 19:53:09.243+0000 INFO  [o.n.k.i.t.l.c.CheckPointerImpl] Check Pointing triggered by scheduler for time threshold [97]:  Starting check pointing...
2017-04-22 19:53:09.244+0000 INFO  [o.n.k.i.t.l.c.CheckPointerImpl] Check Pointing triggered by scheduler for time threshold [97]:  Starting store flush...
2017-04-22 19:53:09.245+0000 INFO  [o.n.k.i.s.c.CountsTracker] About to rotate counts store at transaction 97 to [C:\Users\Jomziii\Documents\Neo4j\TimeTableFinal\neostore.counts.db.b], from [C:\Users\Jomziii\Documents\Neo4j\TimeTableFinal\neostore.counts.db.a].
2017-04-22 19:53:09.248+0000 INFO  [o.n.k.i.s.c.CountsTracker] Successfully rotated counts store at transaction 97 to [C:\Users\Jomziii\Documents\Neo4j\TimeTableFinal\neostore.counts.db.b], from [C:\Users\Jomziii\Documents\Neo4j\TimeTableFinal\neostore.counts.db.a].
2017-04-22 19:53:09.346+0000 INFO  [o.n.k.i.t.l.c.CheckPointerImpl] Check Pointing triggered by scheduler for time threshold [97]:  Store flush completed
2017-04-22 19:53:09.347+0000 INFO  [o.n.k.i.t.l.c.CheckPointerImpl] Check Pointing triggered by scheduler for time threshold [97]:  Starting appending check point entry into the tx log...
2017-04-22 19:53:09.369+0000 INFO  [o.n.k.i.t.l.c.CheckPointerImpl] Check Pointing triggered by scheduler for time threshold [97]:  Appending check point entry into the tx log completed
2017-04-22 19:53:09.369+0000 INFO  [o.n.k.i.t.l.c.CheckPointerImpl] Check Pointing triggered by scheduler for time threshold [97]:  Check pointing completed
2017-04-22 19:53:09.370+0000 INFO  [o.n.k.i.t.l.p.LogPruningImpl] Log Rotation [0]:  Starting log pruning.
2017-04-22 19:53:09.370+0000 INFO  [o.n.k.i.t.l.p.LogPruningImpl] Log Rotation [0]:  Log pruning complete.
2017-04-22 19:58:09.397+0000 INFO  [o.n.k.i.t.l.c.CheckPointerImpl] Check Pointing triggered by scheduler for time threshold [99]:  Starting check pointing...
2017-04-22 19:58:09.398+0000 INFO  [o.n.k.i.t.l.c.CheckPointerImpl] Check Pointing triggered by scheduler for time threshold [99]:  Starting store flush...
2017-04-22 19:58:09.399+0000 INFO  [o.n.k.i.s.c.CountsTracker] About to rotate counts store at transaction 99 to [C:\Users\Jomziii\Documents\Neo4j\TimeTableFinal\neostore.counts.db.a], from [C:\Users\Jomziii\Documents\Neo4j\TimeTableFinal\neostore.counts.db.b].
2017-04-22 19:58:09.414+0000 INFO  [o.n.k.i.s.c.CountsTracker] Successfully rotated counts store at transaction 99 to [C:\Users\Jomziii\Documents\Neo4j\TimeTableFinal\neostore.counts.db.a], from [C:\Users\Jomziii\Documents\Neo4j\TimeTableFinal\neostore.counts.db.b].
2017-04-22 19:58:09.544+0000 INFO  [o.n.k.i.t.l.c.CheckPointerImpl] Check Pointing triggered by scheduler for time threshold [99]:  Store flush completed
2017-04-22 19:58:09.545+0000 INFO  [o.n.k.i.t.l.c.CheckPointerImpl] Check Pointing triggered by scheduler for time threshold [99]:  Starting appending check point entry into the tx log...
2017-04-22 19:58:09.567+0000 INFO  [o.n.k.i.t.l.c.CheckPointerImpl] Check Pointing triggered by scheduler for time threshold [99]:  Appending check point entry into the tx log completed
2017-04-22 19:58:09.567+0000 INFO  [o.n.k.i.t.l.c.CheckPointerImpl] Check Pointing triggered by scheduler for time threshold [99]:  Check pointing completed
2017-04-22 19:58:09.568+0000 INFO  [o.n.k.i.t.l.p.LogPruningImpl] Log Rotation [0]:  Starting log pruning.
2017-04-22 19:58:09.568+0000 INFO  [o.n.k.i.t.l.p.LogPruningImpl] Log Rotation [0]:  Log pruning complete.
2017-04-22 20:08:59.629+0000 INFO  [o.n.k.i.t.l.c.CheckPointerImpl] Check Pointing triggered by scheduler for time threshold [100]:  Starting check pointing...
2017-04-22 20:08:59.629+0000 INFO  [o.n.k.i.t.l.c.CheckPointerImpl] Check Pointing triggered by scheduler for time threshold [100]:  Starting store flush...
2017-04-22 20:08:59.817+0000 INFO  [o.n.k.i.s.c.CountsTracker] About to rotate counts store at transaction 100 to [C:\Users\Jomziii\Documents\Neo4j\TimeTableFinal\neostore.counts.db.b], from [C:\Users\Jomziii\Documents\Neo4j\TimeTableFinal\neostore.counts.db.a].
2017-04-22 20:08:59.821+0000 INFO  [o.n.k.i.s.c.CountsTracker] Successfully rotated counts store at transaction 100 to [C:\Users\Jomziii\Documents\Neo4j\TimeTableFinal\neostore.counts.db.b], from [C:\Users\Jomziii\Documents\Neo4j\TimeTableFinal\neostore.counts.db.a].
2017-04-22 20:08:59.982+0000 INFO  [o.n.k.i.t.l.c.CheckPointerImpl] Check Pointing triggered by scheduler for time threshold [100]:  Store flush completed
2017-04-22 20:08:59.982+0000 INFO  [o.n.k.i.t.l.c.CheckPointerImpl] Check Pointing triggered by scheduler for time threshold [100]:  Starting appending check point entry into the tx log...
2017-04-22 20:08:59.998+0000 INFO  [o.n.k.i.t.l.c.CheckPointerImpl] Check Pointing triggered by scheduler for time threshold [100]:  Appending check point entry into the tx log completed
2017-04-22 20:08:59.998+0000 INFO  [o.n.k.i.t.l.c.CheckPointerImpl] Check Pointing triggered by scheduler for time threshold [100]:  Check pointing completed
2017-04-22 20:08:59.999+0000 INFO  [o.n.k.i.t.l.p.LogPruningImpl] Log Rotation [0]:  Starting log pruning.
2017-04-22 20:08:59.999+0000 INFO  [o.n.k.i.t.l.p.LogPruningImpl] Log Rotation [0]:  Log pruning complete.
2017-04-22 20:14:00.023+0000 INFO  [o.n.k.i.t.l.c.CheckPointerImpl] Check Pointing triggered by scheduler for time threshold [102]:  Starting check pointing...
2017-04-22 20:14:00.023+0000 INFO  [o.n.k.i.t.l.c.CheckPointerImpl] Check Pointing triggered by scheduler for time threshold [102]:  Starting store flush...
2017-04-22 20:14:00.109+0000 INFO  [o.n.k.i.s.c.CountsTracker] About to rotate counts store at transaction 102 to [C:\Users\Jomziii\Documents\Neo4j\TimeTableFinal\neostore.counts.db.a], from [C:\Users\Jomziii\Documents\Neo4j\TimeTableFinal\neostore.counts.db.b].
2017-04-22 20:14:00.112+0000 INFO  [o.n.k.i.s.c.CountsTracker] Successfully rotated counts store at transaction 102 to [C:\Users\Jomziii\Documents\Neo4j\TimeTableFinal\neostore.counts.db.a], from [C:\Users\Jomziii\Documents\Neo4j\TimeTableFinal\neostore.counts.db.b].
2017-04-22 20:14:00.207+0000 INFO  [o.n.k.i.t.l.c.CheckPointerImpl] Check Pointing triggered by scheduler for time threshold [102]:  Store flush completed
2017-04-22 20:14:00.207+0000 INFO  [o.n.k.i.t.l.c.CheckPointerImpl] Check Pointing triggered by scheduler for time threshold [102]:  Starting appending check point entry into the tx log...
2017-04-22 20:14:00.230+0000 INFO  [o.n.k.i.t.l.c.CheckPointerImpl] Check Pointing triggered by scheduler for time threshold [102]:  Appending check point entry into the tx log completed
2017-04-22 20:14:00.230+0000 INFO  [o.n.k.i.t.l.c.CheckPointerImpl] Check Pointing triggered by scheduler for time threshold [102]:  Check pointing completed
2017-04-22 20:14:00.231+0000 INFO  [o.n.k.i.t.l.p.LogPruningImpl] Log Rotation [0]:  Starting log pruning.
2017-04-22 20:14:00.231+0000 INFO  [o.n.k.i.t.l.p.LogPruningImpl] Log Rotation [0]:  Log pruning complete.
2017-04-22 20:19:00.249+0000 INFO  [o.n.k.i.t.l.c.CheckPointerImpl] Check Pointing triggered by scheduler for time threshold [103]:  Starting check pointing...
2017-04-22 20:19:00.250+0000 INFO  [o.n.k.i.t.l.c.CheckPointerImpl] Check Pointing triggered by scheduler for time threshold [103]:  Starting store flush...
2017-04-22 20:19:00.325+0000 INFO  [o.n.k.i.s.c.CountsTracker] About to rotate counts store at transaction 103 to [C:\Users\Jomziii\Documents\Neo4j\TimeTableFinal\neostore.counts.db.b], from [C:\Users\Jomziii\Documents\Neo4j\TimeTableFinal\neostore.counts.db.a].
2017-04-22 20:19:00.330+0000 INFO  [o.n.k.i.s.c.CountsTracker] Successfully rotated counts store at transaction 103 to [C:\Users\Jomziii\Documents\Neo4j\TimeTableFinal\neostore.counts.db.b], from [C:\Users\Jomziii\Documents\Neo4j\TimeTableFinal\neostore.counts.db.a].
2017-04-22 20:19:00.428+0000 INFO  [o.n.k.i.t.l.c.CheckPointerImpl] Check Pointing triggered by scheduler for time threshold [103]:  Store flush completed
2017-04-22 20:19:00.429+0000 INFO  [o.n.k.i.t.l.c.CheckPointerImpl] Check Pointing triggered by scheduler for time threshold [103]:  Starting appending check point entry into the tx log...
2017-04-22 20:19:00.451+0000 INFO  [o.n.k.i.t.l.c.CheckPointerImpl] Check Pointing triggered by scheduler for time threshold [103]:  Appending check point entry into the tx log completed
2017-04-22 20:19:00.451+0000 INFO  [o.n.k.i.t.l.c.CheckPointerImpl] Check Pointing triggered by scheduler for time threshold [103]:  Check pointing completed
2017-04-22 20:19:00.451+0000 INFO  [o.n.k.i.t.l.p.LogPruningImpl] Log Rotation [0]:  Starting log pruning.
2017-04-22 20:19:00.452+0000 INFO  [o.n.k.i.t.l.p.LogPruningImpl] Log Rotation [0]:  Log pruning complete.
2017-04-22 20:24:00.469+0000 INFO  [o.n.k.i.t.l.c.CheckPointerImpl] Check Pointing triggered by scheduler for time threshold [107]:  Starting check pointing...
2017-04-22 20:24:00.469+0000 INFO  [o.n.k.i.t.l.c.CheckPointerImpl] Check Pointing triggered by scheduler for time threshold [107]:  Starting store flush...
2017-04-22 20:24:00.584+0000 INFO  [o.n.k.i.s.c.CountsTracker] About to rotate counts store at transaction 107 to [C:\Users\Jomziii\Documents\Neo4j\TimeTableFinal\neostore.counts.db.a], from [C:\Users\Jomziii\Documents\Neo4j\TimeTableFinal\neostore.counts.db.b].
2017-04-22 20:24:00.588+0000 INFO  [o.n.k.i.s.c.CountsTracker] Successfully rotated counts store at transaction 107 to [C:\Users\Jomziii\Documents\Neo4j\TimeTableFinal\neostore.counts.db.a], from [C:\Users\Jomziii\Documents\Neo4j\TimeTableFinal\neostore.counts.db.b].
2017-04-22 20:24:00.727+0000 INFO  [o.n.k.i.t.l.c.CheckPointerImpl] Check Pointing triggered by scheduler for time threshold [107]:  Store flush completed
2017-04-22 20:24:00.727+0000 INFO  [o.n.k.i.t.l.c.CheckPointerImpl] Check Pointing triggered by scheduler for time threshold [107]:  Starting appending check point entry into the tx log...
2017-04-22 20:24:00.749+0000 INFO  [o.n.k.i.t.l.c.CheckPointerImpl] Check Pointing triggered by scheduler for time threshold [107]:  Appending check point entry into the tx log completed
2017-04-22 20:24:00.750+0000 INFO  [o.n.k.i.t.l.c.CheckPointerImpl] Check Pointing triggered by scheduler for time threshold [107]:  Check pointing completed
2017-04-22 20:24:00.750+0000 INFO  [o.n.k.i.t.l.p.LogPruningImpl] Log Rotation [0]:  Starting log pruning.
2017-04-22 20:24:00.751+0000 INFO  [o.n.k.i.t.l.p.LogPruningImpl] Log Rotation [0]:  Log pruning complete.
2017-04-22 20:26:52.692+0000 INFO  [o.n.c.i.ExecutionEngine] Discarded stale query from the query cache: MATCH (a)-[r]->(b) WHERE id(a) IN {node_ids}
AND id(b) IN {new_node_ids}
RETURN r;
2017-04-22 20:26:52.696+0000 INFO  [o.n.c.i.CypherCompiler] Discarded stale query from the query cache: MATCH (a)-[r]->(b) WHERE id(a) IN {node_ids}
AND id(b) IN {new_node_ids}
RETURN r;
2017-04-22 20:29:00.814+0000 INFO  [o.n.k.i.t.l.c.CheckPointerImpl] Check Pointing triggered by scheduler for time threshold [109]:  Starting check pointing...
2017-04-22 20:29:00.815+0000 INFO  [o.n.k.i.t.l.c.CheckPointerImpl] Check Pointing triggered by scheduler for time threshold [109]:  Starting store flush...
2017-04-22 20:29:00.915+0000 INFO  [o.n.k.i.s.c.CountsTracker] About to rotate counts store at transaction 109 to [C:\Users\Jomziii\Documents\Neo4j\TimeTableFinal\neostore.counts.db.b], from [C:\Users\Jomziii\Documents\Neo4j\TimeTableFinal\neostore.counts.db.a].
2017-04-22 20:29:00.918+0000 INFO  [o.n.k.i.s.c.CountsTracker] Successfully rotated counts store at transaction 109 to [C:\Users\Jomziii\Documents\Neo4j\TimeTableFinal\neostore.counts.db.b], from [C:\Users\Jomziii\Documents\Neo4j\TimeTableFinal\neostore.counts.db.a].
2017-04-22 20:29:01.015+0000 INFO  [o.n.k.i.t.l.c.CheckPointerImpl] Check Pointing triggered by scheduler for time threshold [109]:  Store flush completed
2017-04-22 20:29:01.016+0000 INFO  [o.n.k.i.t.l.c.CheckPointerImpl] Check Pointing triggered by scheduler for time threshold [109]:  Starting appending check point entry into the tx log...
2017-04-22 20:29:01.037+0000 INFO  [o.n.k.i.t.l.c.CheckPointerImpl] Check Pointing triggered by scheduler for time threshold [109]:  Appending check point entry into the tx log completed
2017-04-22 20:29:01.038+0000 INFO  [o.n.k.i.t.l.c.CheckPointerImpl] Check Pointing triggered by scheduler for time threshold [109]:  Check pointing completed
2017-04-22 20:29:01.039+0000 INFO  [o.n.k.i.t.l.p.LogPruningImpl] Log Rotation [0]:  Starting log pruning.
2017-04-22 20:29:01.040+0000 INFO  [o.n.k.i.t.l.p.LogPruningImpl] Log Rotation [0]:  Log pruning complete.
2017-04-22 21:08:21.355+0000 INFO  [o.n.k.i.t.l.c.CheckPointerImpl] Check Pointing triggered by scheduler for time threshold [110]:  Starting check pointing...
2017-04-22 21:08:21.356+0000 INFO  [o.n.k.i.t.l.c.CheckPointerImpl] Check Pointing triggered by scheduler for time threshold [110]:  Starting store flush...
2017-04-22 21:08:21.357+0000 INFO  [o.n.k.i.s.c.CountsTracker] About to rotate counts store at transaction 110 to [C:\Users\Jomziii\Documents\Neo4j\TimeTableFinal\neostore.counts.db.a], from [C:\Users\Jomziii\Documents\Neo4j\TimeTableFinal\neostore.counts.db.b].
2017-04-22 21:08:21.361+0000 INFO  [o.n.k.i.s.c.CountsTracker] Successfully rotated counts store at transaction 110 to [C:\Users\Jomziii\Documents\Neo4j\TimeTableFinal\neostore.counts.db.a], from [C:\Users\Jomziii\Documents\Neo4j\TimeTableFinal\neostore.counts.db.b].
2017-04-22 21:08:21.563+0000 INFO  [o.n.k.i.t.l.c.CheckPointerImpl] Check Pointing triggered by scheduler for time threshold [110]:  Store flush completed
2017-04-22 21:08:21.563+0000 INFO  [o.n.k.i.t.l.c.CheckPointerImpl] Check Pointing triggered by scheduler for time threshold [110]:  Starting appending check point entry into the tx log...
2017-04-22 21:08:21.582+0000 INFO  [o.n.k.i.t.l.c.CheckPointerImpl] Check Pointing triggered by scheduler for time threshold [110]:  Appending check point entry into the tx log completed
2017-04-22 21:08:21.582+0000 INFO  [o.n.k.i.t.l.c.CheckPointerImpl] Check Pointing triggered by scheduler for time threshold [110]:  Check pointing completed
2017-04-22 21:08:21.583+0000 INFO  [o.n.k.i.t.l.p.LogPruningImpl] Log Rotation [0]:  Starting log pruning.
2017-04-22 21:08:21.583+0000 INFO  [o.n.k.i.t.l.p.LogPruningImpl] Log Rotation [0]:  Log pruning complete.
2017-04-22 21:15:01.624+0000 INFO  [o.n.k.i.t.l.c.CheckPointerImpl] Check Pointing triggered by scheduler for time threshold [115]:  Starting check pointing...
2017-04-22 21:15:01.624+0000 INFO  [o.n.k.i.t.l.c.CheckPointerImpl] Check Pointing triggered by scheduler for time threshold [115]:  Starting store flush...
2017-04-22 21:15:01.729+0000 INFO  [o.n.k.i.s.c.CountsTracker] About to rotate counts store at transaction 115 to [C:\Users\Jomziii\Documents\Neo4j\TimeTableFinal\neostore.counts.db.b], from [C:\Users\Jomziii\Documents\Neo4j\TimeTableFinal\neostore.counts.db.a].
2017-04-22 21:15:01.733+0000 INFO  [o.n.k.i.s.c.CountsTracker] Successfully rotated counts store at transaction 115 to [C:\Users\Jomziii\Documents\Neo4j\TimeTableFinal\neostore.counts.db.b], from [C:\Users\Jomziii\Documents\Neo4j\TimeTableFinal\neostore.counts.db.a].
2017-04-22 21:15:01.894+0000 INFO  [o.n.k.i.t.l.c.CheckPointerImpl] Check Pointing triggered by scheduler for time threshold [115]:  Store flush completed
2017-04-22 21:15:01.895+0000 INFO  [o.n.k.i.t.l.c.CheckPointerImpl] Check Pointing triggered by scheduler for time threshold [115]:  Starting appending check point entry into the tx log...
2017-04-22 21:15:01.957+0000 INFO  [o.n.k.i.t.l.c.CheckPointerImpl] Check Pointing triggered by scheduler for time threshold [115]:  Appending check point entry into the tx log completed
2017-04-22 21:15:01.958+0000 INFO  [o.n.k.i.t.l.c.CheckPointerImpl] Check Pointing triggered by scheduler for time threshold [115]:  Check pointing completed
2017-04-22 21:15:01.958+0000 INFO  [o.n.k.i.t.l.p.LogPruningImpl] Log Rotation [0]:  Starting log pruning.
2017-04-22 21:15:01.959+0000 INFO  [o.n.k.i.t.l.p.LogPruningImpl] Log Rotation [0]:  Log pruning complete.
2017-04-22 21:21:31.988+0000 INFO  [o.n.k.i.t.l.c.CheckPointerImpl] Check Pointing triggered by scheduler for time threshold [116]:  Starting check pointing...
2017-04-22 21:21:31.989+0000 INFO  [o.n.k.i.t.l.c.CheckPointerImpl] Check Pointing triggered by scheduler for time threshold [116]:  Starting store flush...
2017-04-22 21:21:32.100+0000 INFO  [o.n.k.i.s.c.CountsTracker] About to rotate counts store at transaction 116 to [C:\Users\Jomziii\Documents\Neo4j\TimeTableFinal\neostore.counts.db.a], from [C:\Users\Jomziii\Documents\Neo4j\TimeTableFinal\neostore.counts.db.b].
2017-04-22 21:21:32.103+0000 INFO  [o.n.k.i.s.c.CountsTracker] Successfully rotated counts store at transaction 116 to [C:\Users\Jomziii\Documents\Neo4j\TimeTableFinal\neostore.counts.db.a], from [C:\Users\Jomziii\Documents\Neo4j\TimeTableFinal\neostore.counts.db.b].
2017-04-22 21:21:32.197+0000 INFO  [o.n.k.i.t.l.c.CheckPointerImpl] Check Pointing triggered by scheduler for time threshold [116]:  Store flush completed
2017-04-22 21:21:32.197+0000 INFO  [o.n.k.i.t.l.c.CheckPointerImpl] Check Pointing triggered by scheduler for time threshold [116]:  Starting appending check point entry into the tx log...
2017-04-22 21:21:32.219+0000 INFO  [o.n.k.i.t.l.c.CheckPointerImpl] Check Pointing triggered by scheduler for time threshold [116]:  Appending check point entry into the tx log completed
2017-04-22 21:21:32.220+0000 INFO  [o.n.k.i.t.l.c.CheckPointerImpl] Check Pointing triggered by scheduler for time threshold [116]:  Check pointing completed
2017-04-22 21:21:32.220+0000 INFO  [o.n.k.i.t.l.p.LogPruningImpl] Log Rotation [0]:  Starting log pruning.
2017-04-22 21:21:32.221+0000 INFO  [o.n.k.i.t.l.p.LogPruningImpl] Log Rotation [0]:  Log pruning complete.
2017-04-22 21:24:03.344+0000 WARN  [o.n.k.i.c.MonitorGc] GC Monitor: Application threads blocked for 317ms.
2017-04-22 21:35:05.553+0000 WARN  [o.n.k.i.c.MonitorGc] GC Monitor: Application threads blocked for 658942ms.
2017-04-22 21:35:08.693+0000 INFO  [o.n.k.i.t.l.c.CheckPointerImpl] Check Pointing triggered by scheduler for time threshold [119]:  Starting check pointing...
2017-04-22 21:35:08.693+0000 WARN  [o.n.k.i.c.MonitorGc] GC Monitor: Application threads blocked for 233ms.
2017-04-22 21:35:08.694+0000 INFO  [o.n.k.i.t.l.c.CheckPointerImpl] Check Pointing triggered by scheduler for time threshold [119]:  Starting store flush...
2017-04-22 21:35:09.510+0000 INFO  [o.n.k.i.s.c.CountsTracker] About to rotate counts store at transaction 119 to [C:\Users\Jomziii\Documents\Neo4j\TimeTableFinal\neostore.counts.db.b], from [C:\Users\Jomziii\Documents\Neo4j\TimeTableFinal\neostore.counts.db.a].
2017-04-22 21:35:09.513+0000 INFO  [o.n.k.i.s.c.CountsTracker] Successfully rotated counts store at transaction 119 to [C:\Users\Jomziii\Documents\Neo4j\TimeTableFinal\neostore.counts.db.b], from [C:\Users\Jomziii\Documents\Neo4j\TimeTableFinal\neostore.counts.db.a].
2017-04-22 21:35:09.867+0000 INFO  [o.n.k.i.t.l.c.CheckPointerImpl] Check Pointing triggered by scheduler for time threshold [119]:  Store flush completed
2017-04-22 21:35:09.867+0000 INFO  [o.n.k.i.t.l.c.CheckPointerImpl] Check Pointing triggered by scheduler for time threshold [119]:  Starting appending check point entry into the tx log...
2017-04-22 21:35:09.944+0000 INFO  [o.n.k.i.t.l.c.CheckPointerImpl] Check Pointing triggered by scheduler for time threshold [119]:  Appending check point entry into the tx log completed
2017-04-22 21:35:09.945+0000 INFO  [o.n.k.i.t.l.c.CheckPointerImpl] Check Pointing triggered by scheduler for time threshold [119]:  Check pointing completed
2017-04-22 21:35:09.946+0000 INFO  [o.n.k.i.t.l.p.LogPruningImpl] Log Rotation [0]:  Starting log pruning.
2017-04-22 21:35:09.946+0000 INFO  [o.n.k.i.t.l.p.LogPruningImpl] Log Rotation [0]:  Log pruning complete.
2017-04-22 21:35:28.585+0000 WARN  [o.n.k.i.c.MonitorGc] GC Monitor: Application threads blocked for 15297ms.
2017-04-22 21:50:29.239+0000 INFO  [o.n.k.i.t.l.c.CheckPointerImpl] Check Pointing triggered by scheduler for time threshold [120]:  Starting check pointing...
2017-04-22 21:50:29.239+0000 INFO  [o.n.k.i.t.l.c.CheckPointerImpl] Check Pointing triggered by scheduler for time threshold [120]:  Starting store flush...
2017-04-22 21:50:29.395+0000 INFO  [o.n.k.i.s.c.CountsTracker] About to rotate counts store at transaction 120 to [C:\Users\Jomziii\Documents\Neo4j\TimeTableFinal\neostore.counts.db.a], from [C:\Users\Jomziii\Documents\Neo4j\TimeTableFinal\neostore.counts.db.b].
2017-04-22 21:50:29.399+0000 INFO  [o.n.k.i.s.c.CountsTracker] Successfully rotated counts store at transaction 120 to [C:\Users\Jomziii\Documents\Neo4j\TimeTableFinal\neostore.counts.db.a], from [C:\Users\Jomziii\Documents\Neo4j\TimeTableFinal\neostore.counts.db.b].
2017-04-22 21:50:29.528+0000 INFO  [o.n.k.i.t.l.c.CheckPointerImpl] Check Pointing triggered by scheduler for time threshold [120]:  Store flush completed
2017-04-22 21:50:29.528+0000 INFO  [o.n.k.i.t.l.c.CheckPointerImpl] Check Pointing triggered by scheduler for time threshold [120]:  Starting appending check point entry into the tx log...
2017-04-22 21:50:29.547+0000 INFO  [o.n.k.i.t.l.c.CheckPointerImpl] Check Pointing triggered by scheduler for time threshold [120]:  Appending check point entry into the tx log completed
2017-04-22 21:50:29.548+0000 INFO  [o.n.k.i.t.l.c.CheckPointerImpl] Check Pointing triggered by scheduler for time threshold [120]:  Check pointing completed
2017-04-22 21:50:29.549+0000 INFO  [o.n.k.i.t.l.p.LogPruningImpl] Log Rotation [0]:  Starting log pruning.
2017-04-22 21:50:29.549+0000 INFO  [o.n.k.i.t.l.p.LogPruningImpl] Log Rotation [0]:  Log pruning complete.
2017-04-22 21:55:29.622+0000 INFO  [o.n.k.i.t.l.c.CheckPointerImpl] Check Pointing triggered by scheduler for time threshold [122]:  Starting check pointing...
2017-04-22 21:55:29.623+0000 INFO  [o.n.k.i.t.l.c.CheckPointerImpl] Check Pointing triggered by scheduler for time threshold [122]:  Starting store flush...
2017-04-22 21:55:29.811+0000 INFO  [o.n.k.i.s.c.CountsTracker] About to rotate counts store at transaction 122 to [C:\Users\Jomziii\Documents\Neo4j\TimeTableFinal\neostore.counts.db.b], from [C:\Users\Jomziii\Documents\Neo4j\TimeTableFinal\neostore.counts.db.a].
2017-04-22 21:55:29.815+0000 INFO  [o.n.k.i.s.c.CountsTracker] Successfully rotated counts store at transaction 122 to [C:\Users\Jomziii\Documents\Neo4j\TimeTableFinal\neostore.counts.db.b], from [C:\Users\Jomziii\Documents\Neo4j\TimeTableFinal\neostore.counts.db.a].
2017-04-22 21:55:29.913+0000 INFO  [o.n.k.i.t.l.c.CheckPointerImpl] Check Pointing triggered by scheduler for time threshold [122]:  Store flush completed
2017-04-22 21:55:29.913+0000 INFO  [o.n.k.i.t.l.c.CheckPointerImpl] Check Pointing triggered by scheduler for time threshold [122]:  Starting appending check point entry into the tx log...
2017-04-22 21:55:29.934+0000 INFO  [o.n.k.i.t.l.c.CheckPointerImpl] Check Pointing triggered by scheduler for time threshold [122]:  Appending check point entry into the tx log completed
2017-04-22 21:55:29.934+0000 INFO  [o.n.k.i.t.l.c.CheckPointerImpl] Check Pointing triggered by scheduler for time threshold [122]:  Check pointing completed
2017-04-22 21:55:29.935+0000 INFO  [o.n.k.i.t.l.p.LogPruningImpl] Log Rotation [0]:  Starting log pruning.
2017-04-22 21:55:29.935+0000 INFO  [o.n.k.i.t.l.p.LogPruningImpl] Log Rotation [0]:  Log pruning complete.
2017-04-22 22:04:16.326+0000 INFO  [o.n.c.i.ExecutionEngine] Discarded stale query from the query cache: EXPLAIN match (s:Staff)-[r]->(n)  where ID(s) = 44 delete r,s
2017-04-22 22:04:16.336+0000 INFO  [o.n.c.i.CypherCompiler] Discarded stale query from the query cache: match (s:Staff)-[r]->(n)  where ID(s) = 44 delete r,s
2017-04-22 22:15:50.068+0000 INFO  [o.n.k.i.t.l.c.CheckPointerImpl] Check Pointing triggered by scheduler for time threshold [123]:  Starting check pointing...
2017-04-22 22:15:50.069+0000 INFO  [o.n.k.i.t.l.c.CheckPointerImpl] Check Pointing triggered by scheduler for time threshold [123]:  Starting store flush...
2017-04-22 22:15:50.070+0000 INFO  [o.n.k.i.s.c.CountsTracker] About to rotate counts store at transaction 123 to [C:\Users\Jomziii\Documents\Neo4j\TimeTableFinal\neostore.counts.db.a], from [C:\Users\Jomziii\Documents\Neo4j\TimeTableFinal\neostore.counts.db.b].
2017-04-22 22:15:50.075+0000 INFO  [o.n.k.i.s.c.CountsTracker] Successfully rotated counts store at transaction 123 to [C:\Users\Jomziii\Documents\Neo4j\TimeTableFinal\neostore.counts.db.a], from [C:\Users\Jomziii\Documents\Neo4j\TimeTableFinal\neostore.counts.db.b].
2017-04-22 22:15:50.210+0000 INFO  [o.n.k.i.t.l.c.CheckPointerImpl] Check Pointing triggered by scheduler for time threshold [123]:  Store flush completed
2017-04-22 22:15:50.210+0000 INFO  [o.n.k.i.t.l.c.CheckPointerImpl] Check Pointing triggered by scheduler for time threshold [123]:  Starting appending check point entry into the tx log...
2017-04-22 22:15:50.229+0000 INFO  [o.n.k.i.t.l.c.CheckPointerImpl] Check Pointing triggered by scheduler for time threshold [123]:  Appending check point entry into the tx log completed
2017-04-22 22:15:50.230+0000 INFO  [o.n.k.i.t.l.c.CheckPointerImpl] Check Pointing triggered by scheduler for time threshold [123]:  Check pointing completed
2017-04-22 22:15:50.230+0000 INFO  [o.n.k.i.t.l.p.LogPruningImpl] Log Rotation [0]:  Starting log pruning.
2017-04-22 22:15:50.230+0000 INFO  [o.n.k.i.t.l.p.LogPruningImpl] Log Rotation [0]:  Log pruning complete.
2017-04-22 22:20:50.250+0000 INFO  [o.n.k.i.t.l.c.CheckPointerImpl] Check Pointing triggered by scheduler for time threshold [127]:  Starting check pointing...
2017-04-22 22:20:50.251+0000 INFO  [o.n.k.i.t.l.c.CheckPointerImpl] Check Pointing triggered by scheduler for time threshold [127]:  Starting store flush...
2017-04-22 22:20:50.253+0000 INFO  [o.n.k.i.s.c.CountsTracker] About to rotate counts store at transaction 127 to [C:\Users\Jomziii\Documents\Neo4j\TimeTableFinal\neostore.counts.db.b], from [C:\Users\Jomziii\Documents\Neo4j\TimeTableFinal\neostore.counts.db.a].
2017-04-22 22:20:50.260+0000 INFO  [o.n.k.i.s.c.CountsTracker] Successfully rotated counts store at transaction 127 to [C:\Users\Jomziii\Documents\Neo4j\TimeTableFinal\neostore.counts.db.b], from [C:\Users\Jomziii\Documents\Neo4j\TimeTableFinal\neostore.counts.db.a].
2017-04-22 22:20:50.390+0000 INFO  [o.n.k.i.t.l.c.CheckPointerImpl] Check Pointing triggered by scheduler for time threshold [127]:  Store flush completed
2017-04-22 22:20:50.391+0000 INFO  [o.n.k.i.t.l.c.CheckPointerImpl] Check Pointing triggered by scheduler for time threshold [127]:  Starting appending check point entry into the tx log...
2017-04-22 22:20:50.407+0000 INFO  [o.n.k.i.t.l.c.CheckPointerImpl] Check Pointing triggered by scheduler for time threshold [127]:  Appending check point entry into the tx log completed
2017-04-22 22:20:50.408+0000 INFO  [o.n.k.i.t.l.c.CheckPointerImpl] Check Pointing triggered by scheduler for time threshold [127]:  Check pointing completed
2017-04-22 22:20:50.408+0000 INFO  [o.n.k.i.t.l.p.LogPruningImpl] Log Rotation [0]:  Starting log pruning.
2017-04-22 22:20:50.411+0000 INFO  [o.n.k.i.t.l.p.LogPruningImpl] Log Rotation [0]:  Log pruning complete.
2017-04-22 22:34:20.477+0000 INFO  [o.n.k.i.t.l.c.CheckPointerImpl] Check Pointing triggered by scheduler for time threshold [128]:  Starting check pointing...
2017-04-22 22:34:20.478+0000 INFO  [o.n.k.i.t.l.c.CheckPointerImpl] Check Pointing triggered by scheduler for time threshold [128]:  Starting store flush...
2017-04-22 22:34:20.480+0000 INFO  [o.n.k.i.s.c.CountsTracker] About to rotate counts store at transaction 128 to [C:\Users\Jomziii\Documents\Neo4j\TimeTableFinal\neostore.counts.db.a], from [C:\Users\Jomziii\Documents\Neo4j\TimeTableFinal\neostore.counts.db.b].
2017-04-22 22:34:20.488+0000 INFO  [o.n.k.i.s.c.CountsTracker] Successfully rotated counts store at transaction 128 to [C:\Users\Jomziii\Documents\Neo4j\TimeTableFinal\neostore.counts.db.a], from [C:\Users\Jomziii\Documents\Neo4j\TimeTableFinal\neostore.counts.db.b].
2017-04-22 22:34:20.622+0000 INFO  [o.n.k.i.t.l.c.CheckPointerImpl] Check Pointing triggered by scheduler for time threshold [128]:  Store flush completed
2017-04-22 22:34:20.623+0000 INFO  [o.n.k.i.t.l.c.CheckPointerImpl] Check Pointing triggered by scheduler for time threshold [128]:  Starting appending check point entry into the tx log...
2017-04-22 22:34:20.644+0000 INFO  [o.n.k.i.t.l.c.CheckPointerImpl] Check Pointing triggered by scheduler for time threshold [128]:  Appending check point entry into the tx log completed
2017-04-22 22:34:20.645+0000 INFO  [o.n.k.i.t.l.c.CheckPointerImpl] Check Pointing triggered by scheduler for time threshold [128]:  Check pointing completed
2017-04-22 22:34:20.646+0000 INFO  [o.n.k.i.t.l.p.LogPruningImpl] Log Rotation [0]:  Starting log pruning.
2017-04-22 22:34:20.647+0000 INFO  [o.n.k.i.t.l.p.LogPruningImpl] Log Rotation [0]:  Log pruning complete.
2017-04-22 22:39:20.667+0000 INFO  [o.n.k.i.t.l.c.CheckPointerImpl] Check Pointing triggered by scheduler for time threshold [134]:  Starting check pointing...
2017-04-22 22:39:20.668+0000 INFO  [o.n.k.i.t.l.c.CheckPointerImpl] Check Pointing triggered by scheduler for time threshold [134]:  Starting store flush...
2017-04-22 22:39:20.669+0000 INFO  [o.n.k.i.s.c.CountsTracker] About to rotate counts store at transaction 134 to [C:\Users\Jomziii\Documents\Neo4j\TimeTableFinal\neostore.counts.db.b], from [C:\Users\Jomziii\Documents\Neo4j\TimeTableFinal\neostore.counts.db.a].
2017-04-22 22:39:20.677+0000 INFO  [o.n.k.i.s.c.CountsTracker] Successfully rotated counts store at transaction 134 to [C:\Users\Jomziii\Documents\Neo4j\TimeTableFinal\neostore.counts.db.b], from [C:\Users\Jomziii\Documents\Neo4j\TimeTableFinal\neostore.counts.db.a].
2017-04-22 22:39:20.924+0000 INFO  [o.n.k.i.t.l.c.CheckPointerImpl] Check Pointing triggered by scheduler for time threshold [134]:  Store flush completed
2017-04-22 22:39:20.925+0000 INFO  [o.n.k.i.t.l.c.CheckPointerImpl] Check Pointing triggered by scheduler for time threshold [134]:  Starting appending check point entry into the tx log...
2017-04-22 22:39:20.958+0000 INFO  [o.n.k.i.t.l.c.CheckPointerImpl] Check Pointing triggered by scheduler for time threshold [134]:  Appending check point entry into the tx log completed
2017-04-22 22:39:20.959+0000 INFO  [o.n.k.i.t.l.c.CheckPointerImpl] Check Pointing triggered by scheduler for time threshold [134]:  Check pointing completed
2017-04-22 22:39:20.960+0000 INFO  [o.n.k.i.t.l.p.LogPruningImpl] Log Rotation [0]:  Starting log pruning.
2017-04-22 22:39:20.961+0000 INFO  [o.n.k.i.t.l.p.LogPruningImpl] Log Rotation [0]:  Log pruning complete.
2017-04-22 22:45:11.012+0000 INFO  [o.n.k.i.t.l.c.CheckPointerImpl] Check Pointing triggered by scheduler for time threshold [135]:  Starting check pointing...
2017-04-22 22:45:11.012+0000 INFO  [o.n.k.i.t.l.c.CheckPointerImpl] Check Pointing triggered by scheduler for time threshold [135]:  Starting store flush...
2017-04-22 22:45:11.013+0000 INFO  [o.n.k.i.s.c.CountsTracker] About to rotate counts store at transaction 135 to [C:\Users\Jomziii\Documents\Neo4j\TimeTableFinal\neostore.counts.db.a], from [C:\Users\Jomziii\Documents\Neo4j\TimeTableFinal\neostore.counts.db.b].
2017-04-22 22:45:11.022+0000 INFO  [o.n.k.i.s.c.CountsTracker] Successfully rotated counts store at transaction 135 to [C:\Users\Jomziii\Documents\Neo4j\TimeTableFinal\neostore.counts.db.a], from [C:\Users\Jomziii\Documents\Neo4j\TimeTableFinal\neostore.counts.db.b].
2017-04-22 22:45:11.131+0000 INFO  [o.n.k.i.t.l.c.CheckPointerImpl] Check Pointing triggered by scheduler for time threshold [135]:  Store flush completed
2017-04-22 22:45:11.132+0000 INFO  [o.n.k.i.t.l.c.CheckPointerImpl] Check Pointing triggered by scheduler for time threshold [135]:  Starting appending check point entry into the tx log...
2017-04-22 22:45:11.154+0000 INFO  [o.n.k.i.t.l.c.CheckPointerImpl] Check Pointing triggered by scheduler for time threshold [135]:  Appending check point entry into the tx log completed
2017-04-22 22:45:11.154+0000 INFO  [o.n.k.i.t.l.c.CheckPointerImpl] Check Pointing triggered by scheduler for time threshold [135]:  Check pointing completed
2017-04-22 22:45:11.155+0000 INFO  [o.n.k.i.t.l.p.LogPruningImpl] Log Rotation [0]:  Starting log pruning.
2017-04-22 22:45:11.155+0000 INFO  [o.n.k.i.t.l.p.LogPruningImpl] Log Rotation [0]:  Log pruning complete.
2017-04-22 22:50:11.180+0000 INFO  [o.n.k.i.t.l.c.CheckPointerImpl] Check Pointing triggered by scheduler for time threshold [141]:  Starting check pointing...
2017-04-22 22:50:11.180+0000 INFO  [o.n.k.i.t.l.c.CheckPointerImpl] Check Pointing triggered by scheduler for time threshold [141]:  Starting store flush...
2017-04-22 22:50:11.181+0000 INFO  [o.n.k.i.s.c.CountsTracker] About to rotate counts store at transaction 141 to [C:\Users\Jomziii\Documents\Neo4j\TimeTableFinal\neostore.counts.db.b], from [C:\Users\Jomziii\Documents\Neo4j\TimeTableFinal\neostore.counts.db.a].
2017-04-22 22:50:11.185+0000 INFO  [o.n.k.i.s.c.CountsTracker] Successfully rotated counts store at transaction 141 to [C:\Users\Jomziii\Documents\Neo4j\TimeTableFinal\neostore.counts.db.b], from [C:\Users\Jomziii\Documents\Neo4j\TimeTableFinal\neostore.counts.db.a].
2017-04-22 22:50:11.286+0000 INFO  [o.n.k.i.t.l.c.CheckPointerImpl] Check Pointing triggered by scheduler for time threshold [141]:  Store flush completed
2017-04-22 22:50:11.287+0000 INFO  [o.n.k.i.t.l.c.CheckPointerImpl] Check Pointing triggered by scheduler for time threshold [141]:  Starting appending check point entry into the tx log...
2017-04-22 22:50:11.309+0000 INFO  [o.n.k.i.t.l.c.CheckPointerImpl] Check Pointing triggered by scheduler for time threshold [141]:  Appending check point entry into the tx log completed
2017-04-22 22:50:11.309+0000 INFO  [o.n.k.i.t.l.c.CheckPointerImpl] Check Pointing triggered by scheduler for time threshold [141]:  Check pointing completed
2017-04-22 22:50:11.309+0000 INFO  [o.n.k.i.t.l.p.LogPruningImpl] Log Rotation [0]:  Starting log pruning.
2017-04-22 22:50:11.310+0000 INFO  [o.n.k.i.t.l.p.LogPruningImpl] Log Rotation [0]:  Log pruning complete.
2017-04-22 22:55:11.378+0000 INFO  [o.n.k.i.t.l.c.CheckPointerImpl] Check Pointing triggered by scheduler for time threshold [145]:  Starting check pointing...
2017-04-22 22:55:11.379+0000 INFO  [o.n.k.i.t.l.c.CheckPointerImpl] Check Pointing triggered by scheduler for time threshold [145]:  Starting store flush...
2017-04-22 22:55:11.382+0000 INFO  [o.n.k.i.s.c.CountsTracker] About to rotate counts store at transaction 145 to [C:\Users\Jomziii\Documents\Neo4j\TimeTableFinal\neostore.counts.db.a], from [C:\Users\Jomziii\Documents\Neo4j\TimeTableFinal\neostore.counts.db.b].
2017-04-22 22:55:11.389+0000 INFO  [o.n.k.i.s.c.CountsTracker] Successfully rotated counts store at transaction 145 to [C:\Users\Jomziii\Documents\Neo4j\TimeTableFinal\neostore.counts.db.a], from [C:\Users\Jomziii\Documents\Neo4j\TimeTableFinal\neostore.counts.db.b].
2017-04-22 22:55:11.552+0000 INFO  [o.n.k.i.t.l.c.CheckPointerImpl] Check Pointing triggered by scheduler for time threshold [145]:  Store flush completed
2017-04-22 22:55:11.552+0000 INFO  [o.n.k.i.t.l.c.CheckPointerImpl] Check Pointing triggered by scheduler for time threshold [145]:  Starting appending check point entry into the tx log...
2017-04-22 22:55:11.573+0000 INFO  [o.n.k.i.t.l.c.CheckPointerImpl] Check Pointing triggered by scheduler for time threshold [145]:  Appending check point entry into the tx log completed
2017-04-22 22:55:11.574+0000 INFO  [o.n.k.i.t.l.c.CheckPointerImpl] Check Pointing triggered by scheduler for time threshold [145]:  Check pointing completed
2017-04-22 22:55:11.574+0000 INFO  [o.n.k.i.t.l.p.LogPruningImpl] Log Rotation [0]:  Starting log pruning.
2017-04-22 22:55:11.575+0000 INFO  [o.n.k.i.t.l.p.LogPruningImpl] Log Rotation [0]:  Log pruning complete.
2017-04-22 23:00:11.756+0000 INFO  [o.n.k.i.t.l.c.CheckPointerImpl] Check Pointing triggered by scheduler for time threshold [148]:  Starting check pointing...
2017-04-22 23:00:11.756+0000 INFO  [o.n.k.i.t.l.c.CheckPointerImpl] Check Pointing triggered by scheduler for time threshold [148]:  Starting store flush...
2017-04-22 23:00:11.758+0000 INFO  [o.n.k.i.s.c.CountsTracker] About to rotate counts store at transaction 148 to [C:\Users\Jomziii\Documents\Neo4j\TimeTableFinal\neostore.counts.db.b], from [C:\Users\Jomziii\Documents\Neo4j\TimeTableFinal\neostore.counts.db.a].
2017-04-22 23:00:11.761+0000 INFO  [o.n.k.i.s.c.CountsTracker] Successfully rotated counts store at transaction 148 to [C:\Users\Jomziii\Documents\Neo4j\TimeTableFinal\neostore.counts.db.b], from [C:\Users\Jomziii\Documents\Neo4j\TimeTableFinal\neostore.counts.db.a].
2017-04-22 23:00:11.893+0000 INFO  [o.n.k.i.t.l.c.CheckPointerImpl] Check Pointing triggered by scheduler for time threshold [148]:  Store flush completed
2017-04-22 23:00:11.893+0000 INFO  [o.n.k.i.t.l.c.CheckPointerImpl] Check Pointing triggered by scheduler for time threshold [148]:  Starting appending check point entry into the tx log...
2017-04-22 23:00:11.908+0000 INFO  [o.n.k.i.t.l.c.CheckPointerImpl] Check Pointing triggered by scheduler for time threshold [148]:  Appending check point entry into the tx log completed
2017-04-22 23:00:11.908+0000 INFO  [o.n.k.i.t.l.c.CheckPointerImpl] Check Pointing triggered by scheduler for time threshold [148]:  Check pointing completed
2017-04-22 23:00:11.908+0000 INFO  [o.n.k.i.t.l.p.LogPruningImpl] Log Rotation [0]:  Starting log pruning.
2017-04-22 23:00:11.908+0000 INFO  [o.n.k.i.t.l.p.LogPruningImpl] Log Rotation [0]:  Log pruning complete.
2017-04-23 00:00:23.723+0000 INFO  [o.n.k.i.t.l.c.CheckPointerImpl] Check Pointing triggered by scheduler for time threshold [150]:  Starting check pointing...
2017-04-23 00:00:23.724+0000 INFO  [o.n.k.i.t.l.c.CheckPointerImpl] Check Pointing triggered by scheduler for time threshold [150]:  Starting store flush...
2017-04-23 00:00:23.726+0000 INFO  [o.n.k.i.s.c.CountsTracker] About to rotate counts store at transaction 150 to [C:\Users\Jomziii\Documents\Neo4j\TimeTableFinal\neostore.counts.db.a], from [C:\Users\Jomziii\Documents\Neo4j\TimeTableFinal\neostore.counts.db.b].
2017-04-23 00:00:23.731+0000 INFO  [o.n.k.i.s.c.CountsTracker] Successfully rotated counts store at transaction 150 to [C:\Users\Jomziii\Documents\Neo4j\TimeTableFinal\neostore.counts.db.a], from [C:\Users\Jomziii\Documents\Neo4j\TimeTableFinal\neostore.counts.db.b].
2017-04-23 00:00:24.098+0000 INFO  [o.n.k.i.t.l.c.CheckPointerImpl] Check Pointing triggered by scheduler for time threshold [150]:  Store flush completed
2017-04-23 00:00:24.099+0000 INFO  [o.n.k.i.t.l.c.CheckPointerImpl] Check Pointing triggered by scheduler for time threshold [150]:  Starting appending check point entry into the tx log...
2017-04-23 00:00:24.149+0000 INFO  [o.n.k.i.t.l.c.CheckPointerImpl] Check Pointing triggered by scheduler for time threshold [150]:  Appending check point entry into the tx log completed
2017-04-23 00:00:24.149+0000 INFO  [o.n.k.i.t.l.c.CheckPointerImpl] Check Pointing triggered by scheduler for time threshold [150]:  Check pointing completed
2017-04-23 00:00:24.149+0000 INFO  [o.n.k.i.t.l.p.LogPruningImpl] Log Rotation [0]:  Starting log pruning.
2017-04-23 00:00:24.150+0000 INFO  [o.n.k.i.t.l.p.LogPruningImpl] Log Rotation [0]:  Log pruning complete.
2017-04-23 00:20:19.715+0000 WARN  [o.n.k.i.c.MonitorGc] GC Monitor: Application threads blocked for 321ms.
2017-04-23 00:41:30.568+0000 WARN  [o.n.k.i.c.MonitorGc] GC Monitor: Application threads blocked for 1258828ms.
2017-04-23 00:44:53.345+0000 WARN  [o.n.k.i.c.MonitorGc] GC Monitor: Application threads blocked for 206ms.
2017-04-23 00:51:13.554+0000 WARN  [o.n.k.i.c.MonitorGc] GC Monitor: Application threads blocked for 216ms.
2017-04-23 01:34:03.601+0000 WARN  [o.n.k.i.c.MonitorGc] GC Monitor: Application threads blocked for 207ms.
2017-04-23 02:02:15.611+0000 WARN  [o.n.k.i.c.MonitorGc] GC Monitor: Application threads blocked for 219ms.
2017-04-23 06:14:46.594+0000 WARN  [o.n.k.i.c.MonitorGc] GC Monitor: Application threads blocked for 10799440ms.
2017-04-23 11:25:30.070+0000 WARN  [o.n.k.i.c.MonitorGc] GC Monitor: Application threads blocked for 18644960ms.
2017-04-23 11:43:17.598+0000 WARN  [o.n.k.i.c.MonitorGc] GC Monitor: Application threads blocked for 27996ms.
2017-04-23 12:29:22.714+0000 WARN  [o.n.k.i.c.MonitorGc] GC Monitor: Application threads blocked for 321ms.
2017-04-23 12:29:34.119+0000 WARN  [o.n.k.i.c.MonitorGc] GC Monitor: Application threads blocked for 204ms.
2017-04-23 13:03:04.583+0000 WARN  [o.n.k.i.c.MonitorGc] GC Monitor: Application threads blocked for 314ms.
2017-04-23 13:51:13.691+0000 WARN  [o.n.k.i.c.MonitorGc] GC Monitor: Application threads blocked for 2884534ms.
2017-04-23 14:28:32.100+0000 INFO  [o.n.k.i.t.l.c.CheckPointerImpl] Check Pointing triggered by scheduler for time threshold [151]:  Starting check pointing...
2017-04-23 14:28:32.102+0000 INFO  [o.n.k.i.t.l.c.CheckPointerImpl] Check Pointing triggered by scheduler for time threshold [151]:  Starting store flush...
2017-04-23 14:28:32.106+0000 INFO  [o.n.k.i.s.c.CountsTracker] About to rotate counts store at transaction 151 to [C:\Users\Jomziii\Documents\Neo4j\TimeTableFinal\neostore.counts.db.b], from [C:\Users\Jomziii\Documents\Neo4j\TimeTableFinal\neostore.counts.db.a].
2017-04-23 14:28:32.124+0000 INFO  [o.n.k.i.s.c.CountsTracker] Successfully rotated counts store at transaction 151 to [C:\Users\Jomziii\Documents\Neo4j\TimeTableFinal\neostore.counts.db.b], from [C:\Users\Jomziii\Documents\Neo4j\TimeTableFinal\neostore.counts.db.a].
2017-04-23 14:28:32.371+0000 INFO  [o.n.k.i.t.l.c.CheckPointerImpl] Check Pointing triggered by scheduler for time threshold [151]:  Store flush completed
2017-04-23 14:28:32.372+0000 INFO  [o.n.k.i.t.l.c.CheckPointerImpl] Check Pointing triggered by scheduler for time threshold [151]:  Starting appending check point entry into the tx log...
2017-04-23 14:28:32.431+0000 INFO  [o.n.k.i.t.l.c.CheckPointerImpl] Check Pointing triggered by scheduler for time threshold [151]:  Appending check point entry into the tx log completed
2017-04-23 14:28:32.431+0000 INFO  [o.n.k.i.t.l.c.CheckPointerImpl] Check Pointing triggered by scheduler for time threshold [151]:  Check pointing completed
2017-04-23 14:28:32.432+0000 INFO  [o.n.k.i.t.l.p.LogPruningImpl] Log Rotation [0]:  Starting log pruning.
2017-04-23 14:28:32.432+0000 INFO  [o.n.k.i.t.l.p.LogPruningImpl] Log Rotation [0]:  Log pruning complete.
2017-04-23 14:33:32.531+0000 INFO  [o.n.k.i.t.l.c.CheckPointerImpl] Check Pointing triggered by scheduler for time threshold [166]:  Starting check pointing...
2017-04-23 14:33:32.532+0000 INFO  [o.n.k.i.t.l.c.CheckPointerImpl] Check Pointing triggered by scheduler for time threshold [166]:  Starting store flush...
2017-04-23 14:33:32.533+0000 INFO  [o.n.k.i.s.c.CountsTracker] About to rotate counts store at transaction 166 to [C:\Users\Jomziii\Documents\Neo4j\TimeTableFinal\neostore.counts.db.a], from [C:\Users\Jomziii\Documents\Neo4j\TimeTableFinal\neostore.counts.db.b].
2017-04-23 14:33:32.537+0000 INFO  [o.n.k.i.s.c.CountsTracker] Successfully rotated counts store at transaction 166 to [C:\Users\Jomziii\Documents\Neo4j\TimeTableFinal\neostore.counts.db.a], from [C:\Users\Jomziii\Documents\Neo4j\TimeTableFinal\neostore.counts.db.b].
2017-04-23 14:33:32.663+0000 INFO  [o.n.k.i.t.l.c.CheckPointerImpl] Check Pointing triggered by scheduler for time threshold [166]:  Store flush completed
2017-04-23 14:33:32.663+0000 INFO  [o.n.k.i.t.l.c.CheckPointerImpl] Check Pointing triggered by scheduler for time threshold [166]:  Starting appending check point entry into the tx log...
2017-04-23 14:33:32.684+0000 INFO  [o.n.k.i.t.l.c.CheckPointerImpl] Check Pointing triggered by scheduler for time threshold [166]:  Appending check point entry into the tx log completed
2017-04-23 14:33:32.685+0000 INFO  [o.n.k.i.t.l.c.CheckPointerImpl] Check Pointing triggered by scheduler for time threshold [166]:  Check pointing completed
2017-04-23 14:33:32.685+0000 INFO  [o.n.k.i.t.l.p.LogPruningImpl] Log Rotation [0]:  Starting log pruning.
2017-04-23 14:33:32.686+0000 INFO  [o.n.k.i.t.l.p.LogPruningImpl] Log Rotation [0]:  Log pruning complete.
